   41    0.0  0.0  5.4  AK1_chr11_66394633              1    59 (2622) + (CCCTCT)n   Simple_repeat        1     56    (0)     4  
  230    0.0  0.0  4.7  AK1_chr11_66394633             60   104 (2577) + SVA_E       Retroposon/SVA       1     43 (1339)     5 *
 5637   11.1  4.0  5.8  AK1_chr11_66394633             92  1190 (1491) + SVA_D       Retroposon/SVA       1    868  (518)     6 *
 6501    9.1  2.0  6.8  AK1_chr11_66394633            789  2662   (19) + SVA_E       Retroposon/SVA     426   1381    (1)     6  
   16    0.0  0.0  0.0  AK1_chr11_66394633           2664  2681    (0) + (A)n        Simple_repeat        1     18    (0)     7  
  230    0.0  0.0  4.7  AK1_chr12_104417647           117   161 (2529) + SVA_E       Retroposon/SVA       1     43 (1339)    11 *
 5621   11.1  4.2  6.0  AK1_chr12_104417647           149  1256 (1434) + SVA_D       Retroposon/SVA       1    868  (518)    12 *
 6590    9.0  1.9  7.2  AK1_chr12_104417647           845  2684    (6) + SVA_E       Retroposon/SVA     420   1382    (0)    12  
   66    0.0  3.0  0.0  AK1_chr12_58635299              1    66 (2579) + (TCTCCC)n   Simple_repeat        1     68    (0)    14  
 5373   12.4  3.8  8.1  AK1_chr12_58635299             67  2035  (610) + SVA_D       Retroposon/SVA      57    868  (518)    15 *
 6717    5.5  2.0  4.1  AK1_chr12_58635299           1662  2634   (11) + SVA_E       Retroposon/SVA     428   1380    (2)    15  
   94    0.0  0.0  5.0  AK1_chr13_51161128              1   105 (2498) + (CTCCCT)n   Simple_repeat        1    100    (0)    16  
 4993   11.3  3.6  4.3  AK1_chr13_51161128            119  1149 (1454) + SVA_D       Retroposon/SVA      62    868  (518)    17 *
 6560    9.0  1.9  6.4  AK1_chr13_51161128            751  2533   (70) + SVA_E       Retroposon/SVA     420   1382    (0)    17  
   27   25.4  0.0  0.0  AK1_chr13_51161128           2534  2603    (0) + A-rich      Low_complexity       1     70    (0)    18  
  227    3.2  3.2  0.0  AK1_chr17_43409602             57    87 (2568) + SVA_F       Retroposon/SVA       6     37 (1338)    43  
 6356    8.7  2.9  5.1  AK1_chr17_43409602             95  2321  (334) + SVA_D       Retroposon/SVA       1   1383    (3)    43  
 2057   13.6  1.0  1.0  AK1_chr17_43409602           2327  2628   (27) + AluSx       SINE/Alu             1    302   (10)    44  
   13   13.2  0.0  0.0  AK1_chr17_43409602           2630  2654    (1) + (ACA)n      Simple_repeat        1     25    (0)    45  
  230    0.0  0.0  4.7  AK1_chr17_65435353             96   140 (2589) + SVA_E       Retroposon/SVA       1     43 (1339)    47 *
 5608   11.0  3.5  4.1  AK1_chr17_65435353            128  1220 (1509) + SVA_D       Retroposon/SVA       1    868  (518)    48 *
 6474    9.5  2.8  6.4  AK1_chr17_65435353            825  2700   (29) + SVA_E       Retroposon/SVA     420   1382    (0)    48  
   23    3.7  0.0  0.0  AK1_chr17_65435353           2702  2729    (0) + (A)n        Simple_repeat        1     28    (0)    49  
  164    1.1  0.5  5.3  AK1_chr1_183201322              1   199 (2547) + (CTCTCC)n   Simple_repeat        1    190    (0)    59  
 4948   11.7  3.5  4.3  AK1_chr1_183201322            202  1225 (1521) + SVA_D       Retroposon/SVA      73    868  (518)    60 *
 5852   10.4  2.6  7.3  AK1_chr1_183201322            829  2700   (46) + SVA_E       Retroposon/SVA     420   1380    (2)    60  
   30   12.2  0.0  0.0  AK1_chr1_183201322           2702  2746    (0) + (A)n        Simple_repeat        1     45    (0)    61  
   57    0.0  0.0  0.0  AK1_chr2_208168763              1    51 (2547) + (CTCTCC)n   Simple_repeat        1     51    (0)    79  
 4615   11.1  5.2  2.0  AK1_chr2_208168763             58  1082 (1516) + SVA_D       Retroposon/SVA      50    872  (515)    80 *
 6599    9.2  2.2  5.9  AK1_chr2_208168763            683  2592    (6) + SVA_E       Retroposon/SVA     420   1381    (1)    80  
 5619   12.8  3.6  7.9  AK1_chr5_79130731              13  1740  (740) + SVA_D       Retroposon/SVA       1    868  (518)   101 *
 6471    6.5  2.2  5.3  AK1_chr5_79130731            1353  2463   (17) + SVA_E       Retroposon/SVA     426   1380    (2)   101  
  251    0.0  0.0  3.5  GM24143_chr13_51161125          1    30 (2455) + SVA_E       Retroposon/SVA       3     31 (1351)   124  
 5071   10.3  5.7  2.2  GM24143_chr13_51161125         32  1103 (1382) + SVA_D       Retroposon/SVA       2    868  (518)   124 *
 6187    9.2  4.4  3.9  GM24143_chr13_51161125        723  2423   (62) + SVA_E       Retroposon/SVA     419   1382    (0)   124  
   25   16.8  3.2  1.6  GM24143_chr13_51161125       2424  2485    (0) + A-rich      Low_complexity       1     63    (0)   125  
 3326   13.5  7.4  4.2  GM24143_chr16_74811108          1  1520  (790) + SVA_D       Retroposon/SVA     274    875  (507)   139 *
 6007    6.9  5.4  2.8  GM24143_chr16_74811108       1265  2308    (2) + SVA_E       Retroposon/SVA     429   1382    (0)   139  
 5053   11.4  5.8  4.6  GM24143_chr17_76323179         28  1504  (843) + SVA_D       Retroposon/SVA       5    868  (518)   147 *
 6021    7.6  5.6  2.9  GM24143_chr17_76323179       1158  2321   (26) + SVA_E       Retroposon/SVA     426   1380    (2)   147  
   15    4.3  0.0  4.0  GM24143_chr17_76323179       2322  2347    (0) + (TAAA)n     Simple_repeat        1     25    (0)   148  
 5062    8.4  5.1  2.5  GM24143_chr18_49810930          7  1118 (1392) + SVA_F       Retroposon/SVA       1    857  (518)   149  
 1397   12.7  5.2  6.8  GM24143_chr18_49810930        771  1618  (892) + SVA_E       Retroposon/SVA     386    872  (515)   149 *
 1379   12.8  3.8  6.8  GM24143_chr18_49810930       1210  1913  (597) + SVA_F       Retroposon/SVA     419    857  (518)   149 *
 6562    5.7  2.1  2.2  GM24143_chr18_49810930       1550  2504    (6) + SVA_F       Retroposon/SVA     422   1375    (0)   149  
 2103   14.3  6.7  3.6  GM24143_chr1_11770154          46   858 (1173) + SVA_E       Retroposon/SVA     390    864  (518)   155  
  815   14.5  6.5  8.0  GM24143_chr1_11770154         462  1318  (713) + SVA_F       Retroposon/SVA     379    891  (491)   155 *
 5588    9.2  3.8  4.6  GM24143_chr1_11770154         824  2026    (5) + SVA_F       Retroposon/SVA     419   1375    (0)   155  
 5026   11.6  5.8  4.2  GM24143_chr1_182305180          1  1555  (674) + SVA_D       Retroposon/SVA      21    868  (518)   156 *
 6011    7.5  4.8  2.2  GM24143_chr1_182305180       1187  2229    (0) + SVA_E       Retroposon/SVA     426   1377    (5)   156  
 1503    9.1  0.5  0.5  GM24143_chr1_37775716           1   197 (2051) + AluSc5      SINE/Alu            94    290   (19)   157  
 2047   14.9  9.9  3.3  GM24143_chr1_37775716         203   838 (1410) + SVA_F       Retroposon/SVA     272    866  (520)   158  
 1333   13.1  7.6  5.4  GM24143_chr1_37775716         506  1509  (739) + SVA_E       Retroposon/SVA     419    885  (497)   158 *
 5895    5.6  4.0  3.0  GM24143_chr1_37775716        1285  2226   (22) + SVA_F       Retroposon/SVA     425   1375    (0)   158  
 5045   11.3  4.8  3.2  GM24143_chr5_32283363           1  1264  (783) + SVA_D       Retroposon/SVA       2    872  (515)   179 *
 6129    8.4  2.7  5.3  GM24143_chr5_32283363         863  2045    (2) + SVA_E       Retroposon/SVA     426   1382    (0)   179  
   63    0.0  5.1  2.5  GM24143_chr6_100746160          1    79 (2392) + (CTCTCC)n   Simple_repeat        1     81    (0)   185  
 4444   10.6  9.0  1.5  GM24143_chr6_100746160         80   949 (1522) + SVA_D       Retroposon/SVA      57    872  (515)   186 *
 5886   10.7  6.5  4.3  GM24143_chr6_100746160        575  2450   (21) + SVA_E       Retroposon/SVA     386   1382    (0)   186  
   15    5.5  0.0  0.0  GM24143_chr6_100746160       2452  2470    (1) + (A)n        Simple_repeat        1     19    (0)   187  
   38    3.8  3.6  1.8  GM24143_chrX_26904249           1    56 (2787) + (CCTCT)n    Simple_repeat        1     57    (0)   210  
 5020   12.1  7.4  6.3  GM24143_chrX_26904249          57  1917  (926) + SVA_D       Retroposon/SVA      58    872  (515)   211 *
 5823    7.3  6.8  2.9  GM24143_chrX_26904249        1579  2808   (35) + SVA_E       Retroposon/SVA     426   1382    (0)   211  
   22    9.2  0.0  0.0  GM24143_chrX_26904249        2809  2843    (0) + (TAAAAA)n   Simple_repeat        1     35    (0)   212  
 4942   10.1  6.7  1.8  GM24385_chr12_4633739          33  1098  (982) + SVA_D       Retroposon/SVA       1    872  (515)   225 *
 5884    9.6  3.5  4.5  GM24385_chr12_4633739         714  2080    (0) + SVA_E       Retroposon/SVA     426   1380    (2)   225  
   86    1.0  0.9  4.9  GM24385_chr13_51161125          1   106 (2398) + (CCTCTC)n   Simple_repeat        1    102    (0)   229  
 4860    9.8  6.0  1.8  GM24385_chr13_51161125        107  1102 (1402) + SVA_D       Retroposon/SVA      72    868  (518)   230 *
 5802   10.0  5.5  4.7  GM24385_chr13_51161125        724  2408   (96) + SVA_E       Retroposon/SVA     419   1382    (0)   230  
   28   32.8  0.0  0.0  GM24385_chr13_51161125       2409  2504    (0) + A-rich      Low_complexity       1     96    (0)   231  
   27    0.0  0.0  0.0  GM24385_chr17_20092294          1    26 (2765) + (TCTCCC)n   Simple_repeat        1     26    (0)   244  
 4482   13.0  6.3  4.8  GM24385_chr17_20092294         33  1868  (923) + SVA_D       Retroposon/SVA      50    870  (517)   245 *
 6016    9.6  4.2  2.8  GM24385_chr17_20092294       1494  2724   (67) + SVA_E       Retroposon/SVA     389   1380    (2)   245  
   38   17.0  0.0  0.0  GM24385_chr17_20092294       2726  2791    (0) + A-rich      Low_complexity       1     66    (0)   246  
   30    0.0  3.1  0.0  GM24385_chr19_23845119          1    32 (2073) + (TCCCTC)n   Simple_repeat        1     33    (0)   256  
 4858   10.2  5.9  2.6  GM24385_chr19_23845119         38  1083 (1022) + SVA_D       Retroposon/SVA      50    870  (517)   257 *
 6063    9.5  3.2  4.1  GM24385_chr19_23845119        719  2083   (22) + SVA_E       Retroposon/SVA     426   1382    (0)   257  
   18    0.0  0.0  0.0  GM24385_chr19_23845119       2086  2105    (0) + (A)n        Simple_repeat        1     20    (0)   258  
 4786   11.9  8.2  3.5  GM24385_chr1_182305180         28  1626 (1062) + SVA_D       Retroposon/SVA       1    868  (518)   269 *
 5681    7.1  5.7  2.4  GM24385_chr1_182305180       1258  2230  (458) + SVA_E       Retroposon/SVA     429   1359   (23)   269  
   59    4.5  0.0  1.4  GM24385_chr1_182305180       2231  2301  (387) + (AATA)n     Simple_repeat        1     70    (0)   270  
   16    0.0  0.0  0.0  GM24385_chr1_182305180       2376  2393  (295) + (A)n        Simple_repeat        1     18    (0)   271  
 4786   11.9  8.2  3.5  GM24385_chr1_182305180_1       14  1612  (630) + SVA_D       Retroposon/SVA       1    868  (518)   272 *
 5883    7.2  5.6  2.4  GM24385_chr1_182305180_1     1244  2238    (4) + SVA_E       Retroposon/SVA     429   1381    (1)   272  
  192    0.0  1.6  1.6  GM24385_chr2_193680309          1   189 (2483) + (CTCTCC)n   Simple_repeat        1    189    (0)   279  
 3086   16.5  7.4  4.2  GM24385_chr2_193680309        199  1263 (1409) + SVA_D       Retroposon/SVA      50    873  (513)   280  
 5839    9.0  5.1  3.0  GM24385_chr2_193680309       1379  2591   (81) + SVA_E       Retroposon/SVA     428   1382    (0)   280  
   24   28.3  0.0  0.0  GM24385_chr2_193680309       2609  2672    (0) + GA-rich     Low_complexity       1     64    (0)   281  
  483    0.2  2.1  0.8  GM24385_chr5_134619332         12   480 (2059) + (CCCTCT)n   Simple_repeat        1    475    (0)   286  
 5097   10.7  6.1  2.3  GM24385_chr5_134619332        489  1758  (781) + SVA_D       Retroposon/SVA      50    872  (515)   287 *
 5776    8.5  3.1  5.4  GM24385_chr5_134619332       1367  2539    (0) + SVA_E       Retroposon/SVA     426   1380    (2)   287  
 4432   13.3  8.0  4.6  GM24385_chr9_134578262          1  1975  (746) + SVA_D       Retroposon/SVA       8    868  (518)   313 *
 5825    7.8  5.6  1.9  GM24385_chr9_134578262       1624  2671   (50) + SVA_E       Retroposon/SVA     426   1382    (0)   313  
   38    6.4  0.0  0.0  GM24385_chr9_134578262       2672  2720    (1) + (A)n        Simple_repeat        1     49    (0)   314  
   46    4.0  6.2  2.4  HG00268_chr11_66394626          1    81 (2617) + (CTCTCC)n   Simple_repeat        1     84    (0)   333  
  230    0.0  3.2  3.2  HG00268_chr11_66394626         82   112 (2586) + SVA_E       Retroposon/SVA       1     31 (1351)   334  
 5460   12.3  3.3  9.1  HG00268_chr11_66394626        114  2082  (616) + SVA_D       Retroposon/SVA       2    868  (518)   334 *
 6339    6.3  2.2  3.7  HG00268_chr11_66394626       1704  2671   (27) + SVA_E       Retroposon/SVA     429   1382    (0)   334  
   22    4.0  0.0  0.0  HG00268_chr11_66394626       2673  2698    (0) + (A)n        Simple_repeat        1     26    (0)   335  
  277    5.3  0.0  2.6  HG00268_chr17_43409597         58    96 (2554) + SVA_A       Retroposon/SVA       6     43 (1344)   355  
 6298    8.5  3.1  4.9  HG00268_chr17_43409597         97  2317  (333) + SVA_D       Retroposon/SVA       1   1382    (4)   355  
 1997   14.2  0.3  0.7  HG00268_chr17_43409597       2323  2625   (25) + AluSx       SINE/Alu             1    302   (10)   356  
   16    6.9  6.4  0.0  HG00268_chr1_182305181          1    31 (2337) + (CTCTCC)n   Simple_repeat        1     33    (0)   369  
 3293   15.6  5.3  7.3  HG00268_chr1_182305181         32  1783  (585) + SVA_D       Retroposon/SVA       5    868  (518)   370 *
 3706   14.0  5.7  5.9  HG00268_chr1_182305181       1296  2358   (10) + SVA_E       Retroposon/SVA     429   1382    (0)   370  
 5689   11.0  3.7  6.1  HG00268_chr5_79130730          13  1124 (1362) + SVA_D       Retroposon/SVA       1    872  (515)   388 *
 6467    9.1  2.2  7.7  HG00268_chr5_79130730         756  2469   (17) + SVA_E       Retroposon/SVA     420   1382    (0)   388  
   89    0.0  2.3  0.0  HG002_ccs_chr10_80627643        1    85 (2656) + (CTCTCC)n   Simple_repeat        1     87    (0)   397  
 5355   12.4  4.6  8.8  HG002_ccs_chr10_80627643       86  2120  (621) + SVA_D       Retroposon/SVA      57    868  (518)   398 *
 6519    6.0  1.6  5.0  HG002_ccs_chr10_80627643     1736  2719   (22) + SVA_E       Retroposon/SVA     429   1380    (2)   398  
   18    0.0  0.0  0.0  HG002_ccs_chr10_80627643     2722  2741    (0) + (A)n        Simple_repeat        1     20    (0)   399  
   57    3.0  3.0  0.0  HG002_ccs_chr11_5105733         1    67 (2424) + (CTCTCC)n   Simple_repeat        1     69    (0)   400  
 5369   12.0  2.9  9.4  HG002_ccs_chr11_5105733        68  1872  (619) + SVA_D       Retroposon/SVA      57    872  (515)   401 *
 6463    6.2  1.6  5.0  HG002_ccs_chr11_5105733      1489  2467   (24) + SVA_E       Retroposon/SVA     429   1376    (6)   401  
   16    0.0  0.0  0.0  HG002_ccs_chr11_5105733      2474  2491    (0) + (A)n        Simple_repeat        1     18    (0)   402  
   27    0.0  0.0  5.3  HG002_ccs_chr11_66394633        1    40 (2470) + (CCCTCT)n   Simple_repeat        1     38    (0)   403  
  230    0.0  0.0  4.7  HG002_ccs_chr11_66394633       41    85 (2425) + SVA_E       Retroposon/SVA       1     43 (1339)   404 *
 5637   11.2  4.0  5.9  HG002_ccs_chr11_66394633       73  1173 (1337) + SVA_D       Retroposon/SVA       1    868  (518)   405 *
 6591    8.9  1.5  7.4  HG002_ccs_chr11_66394633      770  2482   (28) + SVA_E       Retroposon/SVA     420   1381    (1)   405  
   20    7.9  0.0  0.0  HG002_ccs_chr11_66394633     2484  2510    (0) + (A)n        Simple_repeat        1     27    (0)   406  
   66    0.0  3.0  0.0  HG002_ccs_chr12_58635299        1    66 (2591) + (TCTCCC)n   Simple_repeat        1     68    (0)   411  
 5373   12.2  4.7  8.5  HG002_ccs_chr12_58635299       67  2046  (611) + SVA_D       Retroposon/SVA      57    868  (518)   412 *
 6691    5.8  1.9  4.1  HG002_ccs_chr12_58635299     1672  2645   (12) + SVA_E       Retroposon/SVA     428   1380    (2)   412  
   69    0.0  0.0  4.5  HG002_ccs_chr14_39064016        1    93 (2448) + (TCTCCC)n   Simple_repeat        1     89    (0)   421  
  230    0.0  0.0  4.7  HG002_ccs_chr14_39064016       94   138 (2403) + SVA_E       Retroposon/SVA       1     43 (1339)   422 *
 5623   11.2  3.3  4.2  HG002_ccs_chr14_39064016      126  1221 (1320) + SVA_D       Retroposon/SVA       1    868  (518)   423 *
 6654    8.6  1.4  7.4  HG002_ccs_chr14_39064016      823  2532    (9) + SVA_E       Retroposon/SVA     428   1382    (0)   423  
   37    0.0  0.0  0.0  HG002_ccs_chr14_81320429        1    34 (2495) + (CTCCCCT)n  Simple_repeat        1     34    (0)   424  
 5359   11.4  2.8  6.8  HG002_ccs_chr14_81320429       46  1920  (609) + SVA_D       Retroposon/SVA      50    868  (518)   425 *
 6144    8.1  2.2  4.6  HG002_ccs_chr14_81320429     1539  2515   (14) + SVA_E       Retroposon/SVA     429   1382    (0)   425  
   27    0.0  0.0  0.0  HG002_ccs_chr17_20092293        1    26 (2907) + (TCTCCC)n   Simple_repeat        1     26    (0)   437  
 4748   12.1  2.5  8.4  HG002_ccs_chr17_20092293       33  1974  (959) + SVA_D       Retroposon/SVA      50    868  (518)   438 *
 6621    7.8  1.6  5.9  HG002_ccs_chr17_20092293     1567  2863   (70) + SVA_E       Retroposon/SVA     426   1381    (1)   438  
   40   16.1  0.0  0.0  HG002_ccs_chr17_20092293     2865  2933    (0) + A-rich      Low_complexity       1     69    (0)   439  
  249    6.2  0.0  0.0  HG002_ccs_chr17_43409596       57    88 (2575) + SVA_F       Retroposon/SVA       6     37 (1338)   440  
 6418    8.7  2.7  5.4  HG002_ccs_chr17_43409596       96  2329  (334) + SVA_D       Retroposon/SVA       1   1383    (3)   440  
 2057   13.6  1.0  1.0  HG002_ccs_chr17_43409596     2335  2636   (27) + AluSx       SINE/Alu             1    302   (10)   441  
   13   13.2  0.0  0.0  HG002_ccs_chr17_43409596     2638  2662    (1) + (ACA)n      Simple_repeat        1     25    (0)   442  
   75    0.0  2.7  0.0  HG002_ccs_chr2_47582849         2    74 (2654) + (CTCTCC)n   Simple_repeat        1     75    (0)   480  
 5386   12.3  4.6  8.6  HG002_ccs_chr2_47582849        75  2106  (622) + SVA_D       Retroposon/SVA      57    872  (515)   481 *
 6539    5.9  1.6  5.2  HG002_ccs_chr2_47582849      1721  2705   (23) + SVA_E       Retroposon/SVA     429   1380    (2)   481  
   17    0.0  0.0  0.0  HG002_ccs_chr2_47582849      2710  2728    (0) + (A)n        Simple_repeat        1     19    (0)   482  
   61    0.0  3.3  0.0  HG002_ccs_chr3_138126527        1    61 (2688) + (CTCTCC)n   Simple_repeat        1     63    (0)   484  
 5367   12.6  3.5  8.2  HG002_ccs_chr3_138126527       62  2084  (665) + SVA_D       Retroposon/SVA      57    867  (516)   485 *
 6465    6.9  1.5  6.5  HG002_ccs_chr3_138126527     1668  2746    (3) + SVA_E       Retroposon/SVA     436   1382    (0)   485  
 4532   12.1  3.4  8.9  HG002_ccs_chr4_9703203          1  1811  (782) + SVA_D       Retroposon/SVA     154    868  (518)   488 *
 6581    7.2  2.3  4.9  HG002_ccs_chr4_9703203       1389  2585    (8) + SVA_E       Retroposon/SVA     420   1381    (1)   488  
 5702   12.5  3.8  7.9  HG002_ccs_chr5_79130726        19  1759  (748) + SVA_D       Retroposon/SVA       1    868  (518)   503 *
 6460    7.0  1.7  5.7  HG002_ccs_chr5_79130726      1365  2484   (23) + SVA_E       Retroposon/SVA     428   1380    (2)   503  
   19    0.0  0.0  0.0  HG002_ccs_chr5_79130726      2487  2507    (0) + (A)n        Simple_repeat        1     21    (0)   504  
   32    0.0  0.0  4.6  HG002_ccs_chr6_138775842        1    46 (2643) + (CCCTCT)n   Simple_repeat        1     44    (0)   505  
  230    0.0  0.0  4.7  HG002_ccs_chr6_138775842       47    91 (2598) + SVA_E       Retroposon/SVA       1     43 (1339)   506 *
 5637   11.2  4.0  5.8  HG002_ccs_chr6_138775842       79  1176 (1513) + SVA_D       Retroposon/SVA       1    868  (518)   507 *
 6591    9.2  1.6  7.4  HG002_ccs_chr6_138775842      776  2660   (29) + SVA_E       Retroposon/SVA     420   1381    (1)   507  
   26    0.0  0.0  0.0  HG002_ccs_chr6_138775842     2662  2689    (0) + (A)n        Simple_repeat        1     28    (0)   508  
 4886   12.1  2.6  8.3  HG002_ccs_chr9_134578255        1  1981  (958) + SVA_D       Retroposon/SVA       8    868  (518)   530 *
 6571    8.0  1.6  6.1  HG002_ccs_chr9_134578255     1574  2872   (67) + SVA_E       Retroposon/SVA     426   1381    (1)   530  
   52    6.4  0.0  0.0  HG002_ccs_chr9_134578255     2874  2939    (0) + (A)n        Simple_repeat        1     66    (0)   531  
  176    0.5  3.7  1.0  HG00514_chr10_70444773          1   190 (2457) + (CTCTCC)n   Simple_repeat        1    195    (0)   535  
 4575   11.8  5.7  3.9  HG00514_chr10_70444773        197  1213 (1434) + SVA_D       Retroposon/SVA      50    868  (518)   536 *
 6531    9.5  2.5  6.2  HG00514_chr10_70444773        819  2641    (6) + SVA_E       Retroposon/SVA     386   1382    (0)   536  
   85    0.9  0.8  5.8  HG00514_chr11_66394620          1   126 (2584) + (CTCTCC)n   Simple_repeat        1    120    (0)   539  
 5626   12.2  3.4  7.6  HG00514_chr11_66394620        127  2091  (619) + SVA_D       Retroposon/SVA       1    868  (518)   540 *
 6422    6.0  2.0  4.0  HG00514_chr11_66394620       1712  2683   (27) + SVA_E       Retroposon/SVA     429   1381    (1)   540  
   19    8.2  0.0  0.0  HG00514_chr11_66394620       2685  2710    (0) + (A)n        Simple_repeat        1     26    (0)   541  
  240    2.6  0.0 10.3  HG00514_chr13_20123481         23    65 (2188) + SVA_A       Retroposon/SVA       1     39 (1348)   553 *
 5044   10.6  4.8  2.6  HG00514_chr13_20123481         60  1149 (1104) + SVA_E       Retroposon/SVA       4    868  (518)   554 *
 5942    9.5  3.8  4.3  HG00514_chr13_20123481        753  2226   (27) + SVA_E       Retroposon/SVA     378   1382    (0)   554  
   25    0.0  0.0  0.0  HG00514_chr13_20123481       2227  2253    (0) + (A)n        Simple_repeat        1     27    (0)   555  
 5726   12.4  4.8  6.9  HG00514_chr5_79130732          13  1737  (743) + SVA_D       Retroposon/SVA       1    868  (518)   637 *
 6403    6.6  2.2  5.3  HG00514_chr5_79130732        1351  2460   (20) + SVA_E       Retroposon/SVA     428   1380    (2)   637  
   16    0.0  0.0  0.0  HG00514_chr5_79130732        2463  2480    (0) + (A)n        Simple_repeat        1     18    (0)   638  
 5277   12.7  3.2  8.8  HG00514_chr8_145027992          1  1977  (823) + SVA_D       Retroposon/SVA      14    868  (518)   655 *
 6233    8.9  1.6  5.8  HG00514_chr8_145027992       1536  2784   (16) + SVA_E       Retroposon/SVA     420   1382    (0)   655  
 5007    9.6  4.5  2.9  HG005_chr12_14170419            1  1110 (1408) + SVA_F       Retroposon/SVA      70    864  (518)   676  
 1169   16.7  2.8  9.5  HG005_chr12_14170419          737  1646  (872) + SVA_A       Retroposon/SVA     385    870  (517)   676 *
 5780    7.3  3.5  6.3  HG005_chr12_14170419         1250  2517    (1) + SVA_F       Retroposon/SVA     419   1367    (8)   676  
 2690    1.6  0.3  2.3  HG005_chr12_4633745             8   319 (2637) + AluYa5      SINE/Alu             1    306    (5)   677  
  265    1.2  2.6  2.0  HG005_chr12_4633745           331   678 (2278) + (CTCTCCC)n  Simple_repeat        1    350    (0)   678  
 5177   11.2  3.7  5.3  HG005_chr12_4633745           679  2350  (606) + SVA_D       Retroposon/SVA       1    868  (518)   679 *
 6083    8.2  2.6  4.2  HG005_chr12_4633745          1921  2944   (12) + SVA_E       Retroposon/SVA     429   1382    (0)   679  
   27    0.0  0.0  0.0  HG005_chr17_20092300            1    26 (2889) + (TCTCCC)n   Simple_repeat        1     26    (0)   694  
 4688   12.6  3.5  8.8  HG005_chr17_20092300           33  1997  (918) + SVA_D       Retroposon/SVA      50    868  (518)   695 *
 6158    8.6  2.4  6.1  HG005_chr17_20092300         1558  2846   (69) + SVA_E       Retroposon/SVA     426   1380    (2)   695  
   40   16.4  0.0  0.0  HG005_chr17_20092300         2848  2915    (0) + A-rich      Low_complexity       1     68    (0)   696  
  227    3.2  3.2  0.0  HG005_chr17_43409600           57    87 (2576) + SVA_F       Retroposon/SVA       6     37 (1338)   697  
 5855    9.7  3.6  5.9  HG005_chr17_43409600           95  2333  (330) + SVA_D       Retroposon/SVA       1   1383    (3)   697  
 1929   13.6  2.0  1.0  HG005_chr17_43409600         2339  2633   (30) + AluSx       SINE/Alu             1    298   (14)   698  
   13   13.2  0.0  0.0  HG005_chr17_43409600         2638  2662    (1) + (ACA)n      Simple_repeat        1     25    (0)   699  
 5454   11.7  4.1  6.1  HG005_chr5_79130734            17  1126 (1367) + SVA_D       Retroposon/SVA       1    868  (518)   753 *
 6228    9.8  2.4  7.0  HG005_chr5_79130734           754  2470   (23) + SVA_E       Retroposon/SVA     426   1380    (2)   753  
   19    0.0  0.0  0.0  HG005_chr5_79130734          2473  2493    (0) + (A)n        Simple_repeat        1     21    (0)   754  
   74    5.0  0.0  0.0  HG005_chr5_80803532            15    97 (3109) + (TCTCCG)n   Simple_repeat        1     83    (0)   755  
 2420   15.7  4.0 13.2  HG005_chr5_80803532            98  1262 (1944) + SVA_D       Retroposon/SVA      53    868  (518)   756  
   15   13.9  0.0  0.0  HG005_chr5_80803532          1415  1438 (1768) + (C)n        Simple_repeat        1     24    (0)   757  
  229   14.1  5.3  8.4  HG005_chr5_80803532          1923  2093 (1113) + SVA_E       Retroposon/SVA     687    852  (530)   756  
 2766   15.1  3.1 12.2  HG005_chr5_80803532          2131  3161   (45) + SVA_E       Retroposon/SVA     436   1382    (0)   756  
   28   14.9  0.0  0.0  HG005_chr5_80803532          3162  3206    (0) + (A)n        Simple_repeat        1     45    (0)   758  
 1828   13.3  1.6  9.1  HG005_chr9_104844310            1   745 (2124) + SVA_F       Retroposon/SVA     419    857  (518)   770  
 1544   11.3  1.9  8.6  HG005_chr9_104844310          364  1096 (1773) + SVA_F       Retroposon/SVA     421    857  (518)   770 *
 1620   11.1  2.6 10.1  HG005_chr9_104844310          714  1499 (1370) + SVA_E       Retroposon/SVA     420    862  (520)   770 *
 6722    6.7  0.7  6.2  HG005_chr9_104844310         1206  2427  (442) + SVA_F       Retroposon/SVA     419   1375    (0)   770  
 2282   10.0  0.7  0.3  HG005_chr9_104844310         2453  2753  (116) + AluSp       SINE/Alu             1    302   (11)   771  
   28    0.0  0.0  0.0  HG005_chr9_104844310         2840  2869    (0) + (A)n        Simple_repeat        1     30    (0)   772  
 2475   13.0  5.9  3.2  HG00733_chr12_131532051       146   780 (2005) + SVA_F       Retroposon/SVA     272    866  (518)   785  
 1543   14.0  3.0  9.6  HG00733_chr12_131532051       419  1195 (1590) + SVA_E       Retroposon/SVA     420    862  (520)   785 *
 1071   12.9  2.5 11.6  HG00733_chr12_131532051       797  1542 (1243) + SVA_F       Retroposon/SVA     421    857  (518)   785 *
 6430    6.6  1.1  5.9  HG00733_chr12_131532051      1162  2360  (425) + SVA_F       Retroposon/SVA     422   1375    (0)   785  
 2255   10.1  0.7  0.3  HG00733_chr12_131532051      2391  2688   (97) + AluSp       SINE/Alu             1    299   (14)   786  
   93    0.0  0.0  5.1  HG00733_chr13_51161130          1   104 (2449) + (CTCCCT)n   Simple_repeat        1     99    (0)   791  
 5097   10.1  5.0  2.0  HG00733_chr13_51161130        105  1118 (1435) + SVA_D       Retroposon/SVA      72    868  (518)   792 *
 6301    9.0  2.7  5.8  HG00733_chr13_51161130        730  2484   (69) + SVA_E       Retroposon/SVA     426   1382    (0)   792  
   26   15.1  5.9  1.4  HG00733_chr13_51161130       2486  2553    (0) + A-rich      Low_complexity       1     71    (0)   793  
   27    0.0  3.5  0.0  HG00733_chr14_81320432          1    29 (2470) + (CCCTCTC)n  Simple_repeat        1     30    (0)   795  
 5383   12.3  2.6  8.1  HG00733_chr14_81320432         35  1892  (607) + SVA_D       Retroposon/SVA      50    868  (518)   796 *
 6192    7.8  2.2  4.1  HG00733_chr14_81320432       1515  2486   (13) + SVA_E       Retroposon/SVA     429   1382    (0)   796  
   27    3.5  0.0  0.0  HG00733_chr17_76323188          1    30 (2344) + (TCCCTC)n   Simple_repeat        1     30    (0)   803  
 5329   11.6  3.5  5.8  HG00733_chr17_76323188         31  1734  (640) + SVA_D       Retroposon/SVA      52    868  (518)   804 *
 6527    5.5  2.3  3.8  HG00733_chr17_76323188       1412  2374    (0) + SVA_E       Retroposon/SVA     429   1377    (5)   804  
 5364   11.9  3.6  8.4  HG00733_chr8_145027991          1  2035  (779) + SVA_D       Retroposon/SVA      14    868  (518)   876 *
 6438    7.9  1.0  5.8  HG00733_chr8_145027991       1629  2798   (16) + SVA_E       Retroposon/SVA     426   1382    (0)   876  
 2401   12.9  6.8  3.0  HG01243_chr13_53965794         71   797 (1729) + SVA_F       Retroposon/SVA     382    885  (497)   903  
  770   16.3  7.2  7.5  HG01243_chr13_53965794        417  1130 (1396) + SVA_F       Retroposon/SVA     390    870  (517)   903 *
  723   13.5 12.6  5.0  HG01243_chr13_53965794        767  1569  (957) + SVA_E       Retroposon/SVA     419    862  (520)   903 *
 5876    6.8  7.4  3.1  HG01243_chr13_53965794       1254  2507   (19) + SVA_F       Retroposon/SVA     380   1375    (0)   903  
   16    0.0  0.0  0.0  HG01243_chr13_53965794       2510  2526    (0) + (A)n        Simple_repeat        1     17    (0)   904  
 3096   11.1  4.9  3.8  HG01243_chr14_75555654          1   982 (1182) + SVA_D       Retroposon/SVA     327    868  (518)   909  
 1225   12.1  5.2  7.0  HG01243_chr14_75555654        708  1397  (767) + SVA_F       Retroposon/SVA     419    857  (518)   909 *
 6649    6.3  2.8  2.3  HG01243_chr14_75555654       1039  2149   (15) + SVA_F       Retroposon/SVA     419   1375    (0)   909  
   28    0.0  0.0  3.3  HG01243_chr14_81320429          1    31 (2376) + (TCTCCC)n   Simple_repeat        1     30    (0)   910  
 5128   11.9  6.0  4.6  HG01243_chr14_81320429         43  1812  (595) + SVA_D       Retroposon/SVA      50    868  (518)   911 *
 5809    6.9  3.3  4.5  HG01243_chr14_81320429       1438  2398    (9) + SVA_E       Retroposon/SVA     432   1381    (1)   911  
 1199   14.1 12.6  5.5  HG01243_chr16_74811108          1   745 (1626) + SVA_D       Retroposon/SVA     313    868  (518)   915  
 3359   12.4 11.8  2.2  HG01243_chr16_74811108       1496  2367    (4) + SVA_E       Retroposon/SVA     429   1382    (0)   915  
  766   14.0  0.0  0.0  HG01243_chr16_79830904          7   120 (3827) + AluSc       SINE/Alu           196    309    (0)   917  
   14   12.7  0.0 10.5  HG01243_chr16_79830904        317   358 (3589) + (CGC)n      Simple_repeat        1     38    (0)   918  
 2353   13.0  7.3  2.8  HG01243_chr16_79830904        468  1084 (2863) + SVA_F       Retroposon/SVA     272    862  (520)   919  
 1349   14.4  5.8  5.5  HG01243_chr16_79830904        739  1570 (2377) + SVA_E       Retroposon/SVA     419    862  (520)   919 *
 1347   12.8  5.9  7.4  HG01243_chr16_79830904       1183  2054 (1893) + SVA_F       Retroposon/SVA     383    857  (518)   919 *
 1157   12.3  4.8  6.2  HG01243_chr16_79830904       1700  2426 (1521) + SVA_F       Retroposon/SVA     379    864  (518)   919 *
 1082   14.7  5.3  6.1  HG01243_chr16_79830904       2023  2713 (1234) + SVA_F       Retroposon/SVA     419    857  (518)   919 *
 5784    7.2  4.6  3.6  HG01243_chr16_79830904       2359  3503  (444) + SVA_F       Retroposon/SVA     419   1375    (0)   919  
 2285   10.1  0.7  0.0  HG01243_chr16_79830904       3533  3829  (118) + AluSp       SINE/Alu             1    299   (14)   920  
   27    0.0  0.0  0.0  HG01243_chr16_79830904       3912  3940    (7) + (A)n        Simple_repeat        1     29    (0)   921  
 3119   13.2  7.5  3.2  HG01243_chr17_5055903           1   892 (1148) + SVA_F       Retroposon/SVA     148    857  (518)   927  
  954   15.5 11.3  6.0  HG01243_chr17_5055903         575  1300  (740) + SVA_E       Retroposon/SVA     383    862  (520)   927 *
 6216    6.3  4.4  3.3  HG01243_chr17_5055903         943  2040    (0) + SVA_F       Retroposon/SVA     419   1372    (3)   927  
   56    2.6  2.3  3.6  HG01243_chr17_63768396          1    85 (2486) + (CTCTCC)n   Simple_repeat        1     84    (0)   928  
  235    3.3  3.3  0.0  HG01243_chr17_63768396         86   115 (2456) + SVA_F       Retroposon/SVA       1     31 (1344)   929  
 5289   12.1  5.0  3.5  HG01243_chr17_63768396        117  1177 (1394) + SVA_D       Retroposon/SVA       2    868  (518)   930 *
 5973   10.1  5.7  4.7  HG01243_chr17_63768396        804  2555   (16) + SVA_E       Retroposon/SVA     382   1380    (2)   930  
   36    0.0  0.0  0.0  HG01243_chr19_23845126          1    33 (2025) + (TCCCTC)n   Simple_repeat        1     33    (0)   934  
 5010    8.8  5.6  2.0  HG01243_chr19_23845126         39   955 (1103) + SVA_D       Retroposon/SVA      50    870  (517)   935 *
 5945    9.4  5.0  5.4  HG01243_chr19_23845126        571  2040   (18) + SVA_E       Retroposon/SVA     384   1380    (2)   935  
   34    1.9  5.0  5.0  HG01243_chr19_38765450          1    60 (2310) + (CTCC)n     Simple_repeat        1     60    (0)   936  
 4942    9.2  6.4  1.9  HG01243_chr19_38765450         61  1056 (1314) + SVA_D       Retroposon/SVA      58    866  (520)   937 *
 5676    9.8  6.6  3.8  HG01243_chr19_38765450        644  2364    (6) + SVA_E       Retroposon/SVA     426   1382    (0)   937  
 5053    9.1  5.2  1.4  HG01243_chr1_170956729          1  1072 (1586) + SVA_F       Retroposon/SVA      41    862  (520)   943  
  981   15.2  4.3  7.8  HG01243_chr1_170956729        715  1488 (1170) + SVA_F       Retroposon/SVA     419    857  (518)   943 *
 1122   12.6  6.0  6.8  HG01243_chr1_170956729       1130  1896  (762) + SVA_E       Retroposon/SVA     419    862  (520)   943 *
 6682    5.4  2.4  2.8  HG01243_chr1_170956729       1547  2581   (77) + SVA_F       Retroposon/SVA     422   1375    (0)   943  
 1891   12.7  9.6  2.2  HG01243_chr21_43036235         75   781 (1196) + SVA_E       Retroposon/SVA     390    864  (518)   960  
 1013   12.7  8.6  6.6  HG01243_chr21_43036235        444  1295  (682) + SVA_F       Retroposon/SVA     419    857  (518)   960 *
 5290    7.3  7.0  2.3  HG01243_chr21_43036235        945  1977    (0) + SVA_F       Retroposon/SVA     422   1372    (3)   960  
   15   13.2  2.9  2.9  HG01243_chr2_104250580         50    84 (3701) + (CGC)n      Simple_repeat        1     35    (0)   964  
 2316   13.5  7.7  3.1  HG01243_chr2_104250580        195  1006 (2779) + SVA_F       Retroposon/SVA     272    862  (520)   965  
  745   16.1  8.0  5.9  HG01243_chr2_104250580        649  1566 (2219) + SVA_F       Retroposon/SVA     382    885  (497)   965 *
  554   13.8  9.8  6.4  HG01243_chr2_104250580       1147  1879 (1906) + SVA_F       Retroposon/SVA     382    872  (515)   965 *
  969   13.6  8.5  5.7  HG01243_chr2_104250580       1503  2209 (1576) + SVA_F       Retroposon/SVA     383    872  (515)   965  
  834   14.8  6.3  7.4  HG01243_chr2_104250580       1813  2567 (1218) + SVA_E       Retroposon/SVA     419    862  (520)   965 *
 5715    6.9  5.4  3.9  HG01243_chr2_104250580       2219  3349  (436) + SVA_F       Retroposon/SVA     383   1375    (0)   965  
 2240    9.8  1.4  0.0  HG01243_chr2_104250580       3378  3673  (112) + AluSp       SINE/Alu             1    300   (13)   966  
   24    3.5  0.0  0.0  HG01243_chr2_104250580       3757  3785    (0) + (A)n        Simple_repeat        1     29    (0)   967  
 5125   10.2  5.4  2.9  HG01243_chr3_177272376          8  1245 (1496) + SVA_F       Retroposon/SVA       2    870  (517)   976  
 1158   12.8  5.8  7.0  HG01243_chr3_177272376        883  1655 (1086) + SVA_F       Retroposon/SVA     419    857  (518)   976 *
  729   16.0  5.6  9.6  HG01243_chr3_177272376       1251  2023  (718) + SVA_E       Retroposon/SVA     382    885  (497)   976 *
 5901    8.7  3.1  3.4  HG01243_chr3_177272376       1614  2734    (7) + SVA_F       Retroposon/SVA     419   1375    (0)   976  
 4273   12.3  6.0  4.3  HG01243_chr4_9703203            1  1512 (1373) + SVA_D       Retroposon/SVA     154    868  (518)   979  
  984   14.8  5.7  8.5  HG01243_chr4_9703203         1094  2289  (596) + SVA_E       Retroposon/SVA     389    885  (497)   979 *
 6230    5.8  3.8  2.5  HG01243_chr4_9703203         1939  2880    (5) + SVA_E       Retroposon/SVA     429   1382    (0)   979  
 5147   14.0  4.5  5.7  HG01243_chr8_145027992          1  2071  (648) + SVA_D       Retroposon/SVA      14    872  (515)  1012 *
 6100    7.7  3.0  4.2  HG01243_chr8_145027992       1668  2710    (9) + SVA_E       Retroposon/SVA     429   1382    (0)  1012  
 2760   11.1  7.2  2.2  HG01243_chrX_44719306           1   749 (1456) + SVA_D       Retroposon/SVA     272    868  (518)  1016 *
 5683   10.6  6.3  3.7  HG01243_chrX_44719306         367  2172   (33) + SVA_E       Retroposon/SVA     427   1364   (18)  1016  
   35    0.0  0.0  0.0  HG01243_chrX_44719306        2173  2205    (0) + (AAAT)n     Simple_repeat        1     33    (0)  1017  
   90    0.0  4.9  0.9  HG01352_chr10_80627646          1   101 (2627) + (CTCTCC)n   Simple_repeat        1    105    (0)  1019  
 5355   12.9  3.7  7.9  HG01352_chr10_80627646        102  2110  (618) + SVA_D       Retroposon/SVA      57    868  (518)  1020 *
 6496    5.5  2.0  4.5  HG01352_chr10_80627646       1733  2706   (22) + SVA_E       Retroposon/SVA     429   1379    (3)  1020  
   18    0.0  0.0  0.0  HG01352_chr10_80627646       2709  2728    (0) + (A)n        Simple_repeat        1     20    (0)  1021  
   27    0.0  3.5  0.0  HG01352_chr14_81320434          3    31 (2473) + (CCCTCTC)n  Simple_repeat        1     30    (0)  1034  
 5383   11.1  3.3  6.2  HG01352_chr14_81320434         37  1897  (607) + SVA_D       Retroposon/SVA      50    868  (518)  1035 *
 6200    7.6  2.2  4.0  HG01352_chr14_81320434       1522  2492   (12) + SVA_E       Retroposon/SVA     429   1382    (0)  1035  
  249    6.2  0.0  0.0  HG01352_chr17_43409603         57    88 (2569) + SVA_A       Retroposon/SVA       6     37 (1350)  1042  
 6378    8.9  2.7  5.2  HG01352_chr17_43409603         96  2323  (334) + SVA_D       Retroposon/SVA       1   1382    (4)  1042  
 2057   13.6  1.0  1.0  HG01352_chr17_43409603       2329  2630   (27) + AluSx       SINE/Alu             1    302   (10)  1043  
   13   13.2  0.0  0.0  HG01352_chr17_43409603       2632  2656    (1) + (ACA)n      Simple_repeat        1     25    (0)  1044  
   45    0.0  3.5  3.5  HG01352_chr3_112378174          1    57 (2612) + (CTCTCC)n   Simple_repeat        1     57    (0)  1084  
 5116   11.2  4.7  5.6  HG01352_chr3_112378174         58  1084 (1585) + SVA_D       Retroposon/SVA      57    868  (518)  1085 *
 6222    9.8  2.4  7.8  HG01352_chr3_112378174        696  2649   (20) + SVA_E       Retroposon/SVA     420   1376    (6)  1085  
 4551   11.8  3.6  8.4  HG01352_chr4_9703209            1  1800  (781) + SVA_D       Retroposon/SVA     154    868  (518)  1094 *
 6516    7.3  2.7  4.7  HG01352_chr4_9703209         1381  2573    (8) + SVA_E       Retroposon/SVA     420   1382    (0)  1094  
 5614   12.6  3.7  7.9  HG01352_chr5_79130727           6  1732  (737) + SVA_D       Retroposon/SVA       1    868  (518)  1100 *
 6451    6.8  2.2  5.0  HG01352_chr5_79130727        1347  2451   (18) + SVA_E       Retroposon/SVA     426   1379    (3)  1100  
   44    0.0  5.4  1.8  HG02055_chr15_33149006          1    55 (2162) + (CCCTCT)n   Simple_repeat        1     57    (0)  1166  
 4886   10.4  6.7  1.5  HG02055_chr15_33149006         67  1079 (1138) + SVA_D       Retroposon/SVA      50    868  (518)  1167 *
 5794    9.7  4.1  3.2  HG02055_chr15_33149006        698  2195   (22) + SVA_E       Retroposon/SVA     426   1380    (2)  1167  
   27    0.0  0.0  0.0  HG02055_chr17_20092294          1    26 (2755) + (TCTCCC)n   Simple_repeat        1     26    (0)  1176  
 4490   10.9  7.5  2.1  HG02055_chr17_20092294         33  1032 (1749) + SVA_D       Retroposon/SVA      50    868  (518)  1177 *
 5897   11.3  5.1  4.5  HG02055_chr17_20092294        651  2719   (62) + SVA_E       Retroposon/SVA     379   1382    (0)  1177  
   35   10.4  3.2  0.0  HG02055_chr17_20092294       2720  2781    (0) + (AATAAAA)n  Simple_repeat        1     64    (0)  1178  
 4551   10.4  5.8  5.7  HG02055_chr17_76323184          1  1161 (1098) + SVA_D       Retroposon/SVA       5    868  (518)  1183 *
 5371    8.1 11.2  2.6  HG02055_chr17_76323184        785  2201   (58) + SVA_E       Retroposon/SVA     420   1359   (23)  1183  
   46    1.8  3.5  1.7  HG02055_chr17_76323184       2202  2259    (0) + (AATA)n     Simple_repeat        1     59    (0)  1184  
 2396   12.3  6.7  3.2  HG02055_chr18_2607830         198   904 (2513) + SVA_F       Retroposon/SVA     272    862  (520)  1186  
 1339   14.5  5.4  6.3  HG02055_chr18_2607830         582  1265 (2152) + SVA_F       Retroposon/SVA     419    857  (518)  1186 *
  874   12.5  8.6  6.0  HG02055_chr18_2607830         960  1737 (1680) + SVA_F       Retroposon/SVA     382    864  (518)  1186 *
  753   14.1  8.2  7.1  HG02055_chr18_2607830        1391  2095 (1322) + SVA_E       Retroposon/SVA     379    868  (518)  1186 *
 5864    6.6  5.7  4.0  HG02055_chr18_2607830        1834  3005  (412) + SVA_F       Retroposon/SVA     386   1375    (0)  1186  
 2262    9.8  1.0  0.0  HG02055_chr18_2607830        3035  3329   (88) + AluSp       SINE/Alu             1    298   (15)  1187  
   53    0.0  4.5  2.9  HG02055_chr3_66374012           1    67 (2506) + (TCTCCC)n   Simple_repeat        1     68    (0)  1230  
 4991   13.6  6.3  6.1  HG02055_chr3_66374012          68  1964  (609) + SVA_D       Retroposon/SVA      57    868  (518)  1231 *
 6036    6.1  4.3  3.3  HG02055_chr3_66374012        1622  2566    (7) + SVA_E       Retroposon/SVA     429   1382    (0)  1231  
  251    0.0  3.3  0.0  HG02055_chr3_75282419          19    48 (4668) + SVA_A       Retroposon/SVA      12     42 (1345)  1232 *
 5033    8.8  5.7  2.1  HG02055_chr3_75282419          48  1086 (3630) + SVA_F       Retroposon/SVA       1    872  (515)  1233  
 1287   14.5  7.7  5.3  HG02055_chr3_75282419         695  1478 (3238) + SVA_E       Retroposon/SVA     419    864  (518)  1233 *
 1110   14.0  5.7  6.4  HG02055_chr3_75282419        1137  1888 (2828) + SVA_F       Retroposon/SVA     389    872  (510)  1233 *
 6102    6.6  4.4  2.6  HG02055_chr3_75282419        1534  2632 (2084) + SVA_F       Retroposon/SVA     419   1375    (0)  1233  
 1693   17.8  2.5  3.2  HG02055_chr3_75282419        2937  3250 (1466) C AluJb       SINE/Alu           (0)    312      1  1234  
 2132   12.5  1.0  1.6  HG02055_chr3_75282419        3421  3733  (983) C AluSx3      SINE/Alu           (0)    311      1  1235  
  797    8.7  0.8  8.6  HG02055_chr3_75282419        4085  4136  (580) + FLAM_C      SINE/Alu             2     44   (99)  1236  
 2109   11.6  0.7  0.3  HG02055_chr3_75282419        4137  4430  (286) + AluSp       SINE/Alu             1    295   (18)  1237  
  797    8.7  0.8  8.6  HG02055_chr3_75282419        4431  4503  (213) + FLAM_C      SINE/Alu            45    117   (26)  1236  
   21    0.0  0.0  0.0  HG02055_chr3_75282419        4690  4712    (4) + (A)n        Simple_repeat        1     23    (0)  1238  
   57    0.0  3.5  0.0  HG02059_chr12_4633740           3    60 (2526) + (CCCTCTC)n  Simple_repeat        1     60    (0)  1289  
 5268   10.5  4.2  1.9  HG02059_chr12_4633740          63  1265 (1321) + SVA_D       Retroposon/SVA      50    868  (518)  1290  
 2097   12.9  2.1 10.2  HG02059_chr12_4633740         872  1970  (616) + SVA_E       Retroposon/SVA     420    864  (518)  1290 *
 6562    5.8  1.7  4.0  HG02059_chr12_4633740        1591  2565   (21) + SVA_E       Retroposon/SVA     429   1382    (0)  1290  
   19    0.0  0.0  0.0  HG02059_chr12_4633740        2566  2586    (0) + (A)n        Simple_repeat        1     21    (0)  1291  
   27    0.0  0.0  0.0  HG02059_chr13_46584010          2    27 (2781) + (TCTCCC)n   Simple_repeat        1     26    (0)  1295  
 4733   11.9  3.6  7.7  HG02059_chr13_46584010         34  1906  (902) + SVA_D       Retroposon/SVA      50    868  (518)  1296 *
 6614    7.4  2.0  5.3  HG02059_chr13_46584010       1506  2791   (17) + SVA_E       Retroposon/SVA     420   1382    (0)  1296  
  249    6.2  0.0  0.0  HG02059_chr17_43409600         57    88 (2564) + SVA_F       Retroposon/SVA       6     37 (1338)  1314  
 6310    8.8  2.8  4.9  HG02059_chr17_43409600         96  2319  (333) + SVA_D       Retroposon/SVA       1   1383    (3)  1314  
 2057   13.6  1.0  1.0  HG02059_chr17_43409600       2325  2626   (26) + AluSx       SINE/Alu             1    302   (10)  1315  
   12    5.5  0.0  0.0  HG02059_chr17_43409600       2628  2646    (6) + (ACA)n      Simple_repeat        1     19    (0)  1316  
   27    3.5  0.0  0.0  HG02059_chr17_76323191          1    30 (2344) + (TCCCTC)n   Simple_repeat        1     30    (0)  1317  
 5365   11.5  3.4  5.8  HG02059_chr17_76323191         31  1735  (639) + SVA_D       Retroposon/SVA      52    868  (518)  1318 *
 6485    5.8  2.2  3.8  HG02059_chr17_76323191       1412  2374    (0) + SVA_E       Retroposon/SVA     429   1376    (6)  1318  
   39    0.0  0.0  5.6  HG02059_chr2_135415131          1    57 (2443) + (CTCTCC)n   Simple_repeat        1     54    (0)  1356  
  230    0.0  0.0  4.7  HG02059_chr2_135415131         58   102 (2398) + SVA_E       Retroposon/SVA       1     43 (1339)  1357 *
 5609   11.2  3.3  4.1  HG02059_chr2_135415131         90  1183 (1317) + SVA_D       Retroposon/SVA       1    868  (518)  1358 *
 6519    8.9  2.2  6.4  HG02059_chr2_135415131        787  2489   (11) + SVA_E       Retroposon/SVA     426   1382    (0)  1358  
 5620   12.6  3.8  8.1  HG02059_chr5_79130729          13  1743  (745) + SVA_D       Retroposon/SVA       1    868  (518)  1390 *
 6398    6.6  2.3  5.7  HG02059_chr5_79130729        1353  2465   (23) + SVA_E       Retroposon/SVA     428   1380    (2)  1390  
   18    0.0  0.0  0.0  HG02059_chr5_79130729        2468  2487    (1) + (A)n        Simple_repeat        1     20    (0)  1391  
   66    5.4  0.0  0.0  HG02059_chr5_80803528           5    81 (2873) + (TCTCCG)n   Simple_repeat        1     77    (0)  1392  
 5499   11.7  3.8  6.7  HG02059_chr5_80803528          82  2269  (685) + SVA_D       Retroposon/SVA      53    868  (518)  1393 *
 6387    6.4  1.8  3.6  HG02059_chr5_80803528        1943  2893   (61) + SVA_E       Retroposon/SVA     426   1359   (23)  1393  
   44    3.9  1.9  0.0  HG02059_chr5_80803528        2894  2946    (8) + (AATA)n     Simple_repeat        1     54    (0)  1394  
 5345   11.9  3.2  4.3  HG02059_chr8_145027996          1  1093 (1730) + SVA_D       Retroposon/SVA      14    868  (518)  1409 *
 6305    9.9  1.6  8.4  HG02059_chr8_145027996        690  2803   (20) + SVA_E       Retroposon/SVA     426   1382    (0)  1409  
   18    0.0  0.0  0.0  HG02059_chr8_145027996       2804  2823    (0) + (A)n        Simple_repeat        1     20    (0)  1410  
   49    0.0  0.0  4.6  HG02059_chr9_87845048           1    68 (2630) + (TCTCCC)n   Simple_repeat        1     65    (0)  1416  
  230    0.0  0.0  4.7  HG02059_chr9_87845048          69   113 (2585) + SVA_E       Retroposon/SVA       1     43 (1339)  1417 *
 5629   12.0  3.3  7.5  HG02059_chr9_87845048         101  2076  (622) + SVA_D       Retroposon/SVA       1    868  (518)  1417 *
 6301    7.2  1.6  4.2  HG02059_chr9_87845048        1693  2670   (28) + SVA_E       Retroposon/SVA     429   1382    (0)  1417  
   26    0.0  0.0  0.0  HG02059_chr9_87845048        2671  2698    (0) + (A)n        Simple_repeat        1     28    (0)  1418  
   33    0.0  4.8  2.3  HG02080_chr11_8818099           1    42 (2163) + (CTCTCC)n   Simple_repeat        1     43    (0)  1429  
 4765   10.3  6.3  1.8  HG02080_chr11_8818099          54  1075 (1130) + SVA_D       Retroposon/SVA      50    868  (518)  1430 *
 5989    9.2  5.0  4.4  HG02080_chr11_8818099         694  2194   (11) + SVA_E       Retroposon/SVA     384   1382    (0)  1430  
 5006    9.8  6.0  2.8  HG02080_chr12_104417651       106  1175 (1340) + SVA_D       Retroposon/SVA       1    868  (518)  1433 *
 5783    9.8  6.0  4.1  HG02080_chr12_104417651       802  2513    (2) + SVA_E       Retroposon/SVA     389   1382    (0)  1433  
 5086   12.6  6.1  4.6  HG02080_chr14_81320429          1  1768  (628) + SVA_D       Retroposon/SVA      14    868  (518)  1445 *
 5591    8.0  3.4  5.0  HG02080_chr14_81320429       1374  2387    (9) + SVA_E       Retroposon/SVA     420   1380    (2)  1445  
 2678   11.1  7.8  2.6  HG02080_chr14_92153063          1   652 (1648) + SVA_F       Retroposon/SVA     272    862  (520)  1446  
 1667   12.9  6.3  4.2  HG02080_chr14_92153063        307   988 (1312) + SVA_E       Retroposon/SVA     421    862  (520)  1446 *
 1449   11.8  4.5  7.1  HG02080_chr14_92153063        618  1314  (986) + SVA_F       Retroposon/SVA     419    857  (518)  1446 *
 6540    7.5  3.3  3.7  HG02080_chr14_92153063        955  2275   (25) + SVA_F       Retroposon/SVA     419   1375    (0)  1446  
   17    8.9  0.0  0.0  HG02080_chr14_92153063       2277  2300    (0) + (A)n        Simple_repeat        1     24    (0)  1447  
 5282   10.9  4.7  5.4  HG02080_chr19_23845121          1  1126  (992) + SVA_D       Retroposon/SVA      10    872  (515)  1463 *
 6109   10.1  2.8  4.1  HG02080_chr19_23845121        801  2092   (26) + SVA_E       Retroposon/SVA     419   1380    (2)  1463  
   20    4.3  0.0  0.0  HG02080_chr19_23845121       2095  2118    (0) + (A)n        Simple_repeat        1     24    (0)  1464  
  866   11.6  3.4  3.4  HG02080_chr21_43911343          1   147 (2780) + AluSc       SINE/Alu           163    309    (0)  1494  
 1880   14.8  8.1  2.5  HG02080_chr21_43911343        491  1180 (1747) + SVA_F       Retroposon/SVA     272    866  (520)  1495  
 1442   14.0  6.6  5.3  HG02080_chr21_43911343        789  1615 (1312) + SVA_E       Retroposon/SVA     419    862  (520)  1495 *
 5201    9.2  5.1  5.4  HG02080_chr21_43911343       1345  2507  (420) + SVA_F       Retroposon/SVA     425   1375    (0)  1495  
 2291    9.8  0.7  0.0  HG02080_chr21_43911343       2529  2824  (103) + AluSp       SINE/Alu             1    298   (15)  1496  
   21    0.0  0.0  0.0  HG02080_chr21_43911343       2905  2927    (0) + (A)n        Simple_repeat        1     23    (0)  1497  
 4733    9.3  7.2  2.4  HG02080_chr3_177272376          6  1036 (1651) + SVA_F       Retroposon/SVA       2    866  (520)  1517  
 1316   15.8  6.2  5.7  HG02080_chr3_177272376        678  1681 (1006) + SVA_E       Retroposon/SVA     389    885  (497)  1517 *
 5491    9.8  6.4  4.0  HG02080_chr3_177272376       1205  2672   (15) + SVA_F       Retroposon/SVA     418   1375    (0)  1517  
 4301    9.6  5.7  2.4  HG02080_chr3_41645982           1   854 (1447) + SVA_F       Retroposon/SVA     146    872  (515)  1518  
 1805   13.2  6.4  4.7  HG02080_chr3_41645982         505  1331  (970) + SVA_E       Retroposon/SVA     419    862  (520)  1518 *
  914   14.3  5.6  7.3  HG02080_chr3_41645982         977  1610  (691) + SVA_F       Retroposon/SVA     419    857  (518)  1518 *
 5700    6.8  4.0  4.4  HG02080_chr3_41645982        1297  2255   (46) + SVA_F       Retroposon/SVA     419   1373    (2)  1518  
   39    2.3  0.0  0.0  HG02080_chr3_41645982        2257  2301    (0) + (A)n        Simple_repeat        1     45    (0)  1519  
   35    4.8  7.2  2.8  HG02080_chr5_134619332          1    69 (2108) + (CCTCC)n    Simple_repeat        1     72    (0)  1522  
 5110   10.7  5.9  2.6  HG02080_chr5_134619332         73  1396  (781) + SVA_D       Retroposon/SVA       1    872  (515)  1523 *
 5837    8.9  2.5  5.5  HG02080_chr5_134619332        999  2177    (0) + SVA_E       Retroposon/SVA     426   1377    (5)  1523  
   17   14.4  2.5  2.5  HG02080_chr6_2919922          158   197 (2046) + (GCC)n      Simple_repeat        1     40    (0)  1542  
   15   27.7  0.0  3.5  HG02080_chr6_2919922          240   302 (1941) + (GCCGCGG)n  Simple_repeat        1     60    (0)  1543  
 2386   13.2  6.0  3.8  HG02080_chr6_2919922          308  1221 (1022) + SVA_E       Retroposon/SVA     390    864  (518)  1544  
  980   14.6  2.7  8.6  HG02080_chr6_2919922          849  1648  (595) + SVA_F       Retroposon/SVA     419    857  (518)  1544 *
 6304    6.3  2.6  2.5  HG02080_chr6_2919922         1282  2234    (9) + SVA_F       Retroposon/SVA     422   1375    (0)  1544  
   45    0.0  0.0  5.9  HG02080_chr8_145027991          2    55 (2591) + (CTCTCC)n   Simple_repeat        1     51    (0)  1552  
 3702   13.9  6.2  7.2  HG02080_chr8_145027991         64  1940  (706) + SVA_D       Retroposon/SVA      52    872  (510)  1553 *
 5032   10.7  3.7  6.1  HG02080_chr8_145027991       1551  2646    (0) + SVA_E       Retroposon/SVA     426   1380    (2)  1553  
 1996   13.6  5.1  3.6  HG02080_chr9_104844306          1   744 (2179) + SVA_F       Retroposon/SVA     421    864  (518)  1556  
 1121   14.4  4.6  6.6  HG02080_chr9_104844306        419  1116 (1807) + SVA_F       Retroposon/SVA     419    857  (518)  1556 *
 1320   11.5  5.4  6.6  HG02080_chr9_104844306        754  1532 (1391) + SVA_A       Retroposon/SVA     419    870  (517)  1556  
 1173   13.7  5.2  6.6  HG02080_chr9_104844306       1214  1907 (1016) + SVA_F       Retroposon/SVA     419    857  (518)  1556 *
 6470    5.9  2.3  2.2  HG02080_chr9_104844306       1547  2498  (425) + SVA_F       Retroposon/SVA     423   1375    (0)  1556  
 2285   10.1  0.7  0.0  HG02080_chr9_104844306       2523  2819  (104) + AluSp       SINE/Alu             1    299   (14)  1557  
   16    0.0  0.0  0.0  HG02080_chr9_104844306       2906  2923    (0) + (A)n        Simple_repeat        1     18    (0)  1558  
   23    9.6  6.5  0.0  HG02106_chr12_4633741           2    47 (2117) + (CCCCT)n    Simple_repeat        1     49    (0)  1572  
 4907   11.1  4.4  3.2  HG02106_chr12_4633741          49  1148 (1016) + SVA_D       Retroposon/SVA       1    872  (515)  1573 *
 5895   10.0  1.9  6.9  HG02106_chr12_4633741         759  2164    (0) + SVA_E       Retroposon/SVA     428   1380    (2)  1573  
   87    2.5  0.7  6.8  HG02106_chr14_39064004          1   140 (2400) + (CTCTCC)n   Simple_repeat        1    132    (0)  1581  
 5284   11.6  3.8  4.7  HG02106_chr14_39064004        141  1239 (1301) + SVA_D       Retroposon/SVA       1    868  (518)  1582 *
 6611    8.5  1.9  6.8  HG02106_chr14_39064004        843  2540    (0) + SVA_E       Retroposon/SVA     426   1381    (1)  1582  
 5491   11.2  4.7  5.6  HG02106_chr19_18724795          1  1079 (1457) + SVA_D       Retroposon/SVA       4    868  (518)  1593 *
 6529    8.9  3.0  7.2  HG02106_chr19_18724795        688  2520   (16) + SVA_E       Retroposon/SVA     428   1382    (0)  1593  
   41    0.0  7.8  1.5  HG02106_chr2_135415130          1    64 (2443) + (CTCTCC)n   Simple_repeat        1     68    (0)  1622  
  280    0.0  0.0  0.0  HG02106_chr2_135415130         65    95 (2412) + SVA_E       Retroposon/SVA       1     31 (1351)  1623  
 5201   11.5  4.3  6.6  HG02106_chr2_135415130         97  1194 (1313) + SVA_D       Retroposon/SVA       2    868  (518)  1624 *
 6613    8.7  1.7  6.6  HG02106_chr2_135415130        796  2494   (13) + SVA_E       Retroposon/SVA     428   1382    (0)  1624  
   27    0.0  0.0  0.0  HG02106_chr2_208168761          1    26 (2629) + (TCTCCC)n   Simple_repeat        1     26    (0)  1625  
 4778   11.7  3.8  6.1  HG02106_chr2_208168761         33  1594 (1061) + SVA_D       Retroposon/SVA      50    868  (518)  1626 *
 6567    8.3  1.9  5.7  HG02106_chr2_208168761       1206  2579   (76) + SVA_E       Retroposon/SVA     420   1382    (0)  1626  
   44   16.4  0.0  0.0  HG02106_chr2_208168761       2581  2655    (0) + A-rich      Low_complexity       1     75    (0)  1627  
 3484   10.4  4.8  3.4  HG02106_chr3_147890053          1   768 (1929) + SVA_F       Retroposon/SVA     263    870  (517)  1638  
 1883   13.2  2.4  7.9  HG02106_chr3_147890053        394  1069 (1628) + SVA_E       Retroposon/SVA     420    862  (520)  1638 *
 1389   12.9  3.5 10.0  HG02106_chr3_147890053        683  1371 (1326) + SVA_F       Retroposon/SVA     419    857  (518)  1638 *
 1647   12.8  2.4  9.4  HG02106_chr3_147890053       1000  1737  (960) + SVA_F       Retroposon/SVA     419    857  (518)  1638 *
 6738    7.7  1.0  5.5  HG02106_chr3_147890053       1340  2683   (14) + SVA_F       Retroposon/SVA     386   1375    (0)  1638  
  179    5.6  4.0  3.0  HG02106_chr7_111517118          1   297 (2803) + (CCCTCT)n   Simple_repeat        1    300    (0)  1652  
  291    2.9  2.9  0.0  HG02106_chr7_111517118        298   332 (2768) + SVA_F       Retroposon/SVA       1     36 (1339)  1653  
 5494   12.1  2.9  7.8  HG02106_chr7_111517118        334  2489  (611) + SVA_E       Retroposon/SVA       1    868  (518)  1654 *
 6401    6.8  1.6  4.2  HG02106_chr7_111517118       2105  3082   (18) + SVA_E       Retroposon/SVA     429   1382    (0)  1654  
 5313   11.7  3.7  4.7  HG02106_chr8_145027996          1  1092 (1734) + SVA_D       Retroposon/SVA      14    872  (515)  1663 *
 6240   10.0  1.6  8.6  HG02106_chr8_145027996        691  2809   (17) + SVA_E       Retroposon/SVA     426   1382    (0)  1663  
   16    0.0  0.0  0.0  HG02106_chr8_145027996       2810  2826    (0) + (A)n        Simple_repeat        1     17    (0)  1664  
 3893   13.7  6.0  4.8  HG02723_chr10_125731796         1  1532  (645) + SVA_D       Retroposon/SVA     131    868  (518)  1673 *
 5674    7.2  3.4  5.4  HG02723_chr10_125731796      1141  2157   (20) + SVA_E       Retroposon/SVA     420   1380    (2)  1673  
   16    0.0  0.0  0.0  HG02723_chr10_125731796      2160  2177    (0) + (A)n        Simple_repeat        1     18    (0)  1674  
   38    0.0  2.3  2.3  HG02723_chr11_8818103           1    43 (2229) + (CTCTCC)n   Simple_repeat        1     43    (0)  1687  
 4994   11.7  5.5  3.8  HG02723_chr11_8818103          56  1629  (643) + SVA_D       Retroposon/SVA      50    868  (518)  1688 *
 6121    8.5  3.4  2.2  HG02723_chr11_8818103        1283  2265    (7) + SVA_E       Retroposon/SVA     389   1382    (0)  1688  
  124    2.1  4.7  5.2  HG02723_chr12_4633744           1   212 (2470) + (CTCTCC)n   Simple_repeat        1    211    (0)  1697  
 5199   10.0  6.0  1.9  HG02723_chr12_4633744         213  1442 (1240) + SVA_D       Retroposon/SVA       1    868  (518)  1698 *
 6172    8.8  5.1  3.1  HG02723_chr12_4633744        1055  2675    (7) + SVA_E       Retroposon/SVA     420   1382    (0)  1698  
   42    0.0  2.4  0.0  HG02723_chr15_33149006          1    42 (2170) + (CTCTCC)n   Simple_repeat        1     43    (0)  1709  
 4867   10.8  7.3  1.6  HG02723_chr15_33149006         48  1321  (891) + SVA_D       Retroposon/SVA      50    870  (517)  1710 *
 5948    8.5  4.6  3.8  HG02723_chr15_33149006        981  2202   (10) + SVA_E       Retroposon/SVA     426   1382    (0)  1710  
 4646   13.0  7.1  5.3  HG02723_chr17_20092301          1  1846  (926) + SVA_D       Retroposon/SVA      14    870  (517)  1716 *
 6191    8.3  4.4  2.8  HG02723_chr17_20092301       1481  2703   (69) + SVA_E       Retroposon/SVA     420   1380    (2)  1716  
   44   12.9  0.0  0.0  HG02723_chr17_20092301       2705  2772    (0) + (A)n        Simple_repeat        1     68    (0)  1717  
 2385   13.2  6.5  3.3  HG02723_chr1_85881930         130   908 (1727) + SVA_F       Retroposon/SVA     272    864  (518)  1744  
  733   18.3  5.4  9.6  HG02723_chr1_85881930         514  1204 (1431) + SVA_E       Retroposon/SVA     419    862  (520)  1744 *
 1067   13.1  6.6  6.0  HG02723_chr1_85881930         846  1567 (1068) + SVA_F       Retroposon/SVA     419    857  (518)  1744  
 1048   13.4  6.2  5.4  HG02723_chr1_85881930        1212  1872  (763) + SVA_F       Retroposon/SVA     419    857  (518)  1744 *
 5942    7.7  5.5  1.8  HG02723_chr1_85881930        1531  2619   (16) + SVA_F       Retroposon/SVA     419   1375    (0)  1744  
 1947   11.4  6.9  3.0  HG02723_chr2_45082093           1   584 (1147) + SVA_F       Retroposon/SVA     421    857  (518)  1750  
 1645   11.2  5.6  5.3  HG02723_chr2_45082093         230   907  (824) + SVA_E       Retroposon/SVA     421    862  (520)  1750 *
 6064    7.0  3.4  3.6  HG02723_chr2_45082093         625  1708   (23) + SVA_F       Retroposon/SVA     419   1375    (0)  1750  
  701   13.6  0.0  0.0  HG02723_chr4_99054003           1   103 (2967) + AluSc       SINE/Alu           207    309    (0)  1765  
   16    6.5  2.6  8.3  HG02723_chr4_99054003         257   294 (2776) + (GCC)n      Simple_repeat        1     36    (0)  1766  
 2276   13.4  6.6  3.9  HG02723_chr4_99054003         405  1381 (1689) + SVA_F       Retroposon/SVA     382    864  (518)  1767  
 1299   12.8  7.3  5.4  HG02723_chr4_99054003         985  1778 (1292) + SVA_F       Retroposon/SVA     388    885  (497)  1767 *
 1210   13.2  6.1  5.9  HG02723_chr4_99054003        1397  2067 (1003) + SVA_D       Retroposon/SVA     419    866  (520)  1767 *
 6007    7.7  4.9  4.2  HG02723_chr4_99054003        1710  3061    (9) + SVA_F       Retroposon/SVA     386   1375    (0)  1767  
 3127   12.3  4.8  3.4  HG02818_chr10_3041563           1   850 (1546) + SVA_F       Retroposon/SVA     316    862  (520)  1805  
  572   16.5  5.7  7.4  HG02818_chr10_3041563         989  1459  (937) + SVA_E       Retroposon/SVA     420    862  (520)  1806  
 4552    6.6  3.6  4.2  HG02818_chr10_3041563        1692  2389    (7) + SVA_F       Retroposon/SVA     682   1375    (0)  1806  
   50    0.0  2.0  0.0  HG02818_chr11_8818099           1    49 (2083) + (CTCTCCC)n  Simple_repeat        1     50    (0)  1815  
 5282   10.3  3.7  2.7  HG02818_chr11_8818099          61  1131 (1001) + SVA_D       Retroposon/SVA      50    870  (517)  1816 *
 6472    8.0  3.3  4.6  HG02818_chr11_8818099         718  2114   (18) + SVA_E       Retroposon/SVA     426   1382    (0)  1816  
 5403   11.4  3.5  4.6  HG02818_chr12_104186239         1  1096 (1608) + SVA_D       Retroposon/SVA       5    868  (518)  1817 *
 6689    9.5  2.4  6.6  HG02818_chr12_104186239       699  2695    (9) + SVA_E       Retroposon/SVA     420   1381    (1)  1817  
   69    1.5  1.5  0.0  HG02818_chr2_193680314          1    69 (2259) + (CTCCCT)n   Simple_repeat        1     70    (0)  1880  
 5151   11.3  3.9  4.7  HG02818_chr2_193680314         75  1123 (1205) + SVA_D       Retroposon/SVA      50    872  (515)  1881 *
 6967    8.5  2.0  4.5  HG02818_chr2_193680314        721  2298   (30) + SVA_E       Retroposon/SVA     419   1382    (0)  1881  
   27    0.0  0.0  0.0  HG02818_chr2_208168763          1    26 (2905) + (TCTCCC)n   Simple_repeat        1     26    (0)  1882  
 4778   11.9  2.7  8.3  HG02818_chr2_208168763         33  1963  (968) + SVA_D       Retroposon/SVA      50    868  (518)  1883 *
 6574    7.6  1.7  5.6  HG02818_chr2_208168763       1558  2852   (79) + SVA_E       Retroposon/SVA     426   1382    (0)  1883  
   46   15.9  0.0  0.0  HG02818_chr2_208168763       2854  2930    (1) + A-rich      Low_complexity       1     77    (0)  1884  
 1591   14.5  5.8  4.1  HG03098_chr11_73816359          1   615 (2613) + SVA_F       Retroposon/SVA     380    868  (518)  1943  
 1103   13.1  5.8  6.8  HG03098_chr11_73816359        300  1061 (2167) + SVA_E       Retroposon/SVA     419    862  (520)  1943 *
  867   13.2  6.7  7.2  HG03098_chr11_73816359        710  1428 (1800) + SVA_F       Retroposon/SVA     422    857  (518)  1943 *
  929   14.0  6.2  7.4  HG03098_chr11_73816359       1076  1833 (1395) + SVA_F       Retroposon/SVA     419    857  (518)  1943 *
 5926    8.5  4.9  4.6  HG03098_chr11_73816359       1477  2805  (423) + SVA_F       Retroposon/SVA     419   1375    (0)  1943  
 2282    9.4  1.3  0.0  HG03098_chr11_73816359       2827  3125  (103) + AluSp       SINE/Alu             1    303   (10)  1944  
   19    0.0  0.0  0.0  HG03098_chr11_73816359       3208  3228    (0) + (A)n        Simple_repeat        1     21    (0)  1945  
  288    0.0  0.0  4.6  HG03098_chr11_8818108           2    47 (2029) + SVA_F       Retroposon/SVA       1     44 (1331)  1946 *
 5796    9.9  4.7  3.7  HG03098_chr11_8818108          34  2072    (4) + SVA_E       Retroposon/SVA       1   1381    (1)  1946  
   93    0.0  2.7  3.7  HG03098_chr12_4633739           1   110 (2123) + (CTCTCC)n   Simple_repeat        1    109    (0)  1948  
 5066   10.2  6.5  2.2  HG03098_chr12_4633739         114  1381  (852) + SVA_D       Retroposon/SVA      50    870  (517)  1949 *
 5694    9.4  3.7  5.3  HG03098_chr12_4633739        1058  2233    (0) + SVA_E       Retroposon/SVA     420   1380    (2)  1949  
 4821    8.6  5.6  1.3  HG03098_chr13_24314870          1    11 (2307) + SVA_D       Retroposon/SVA      18     28 (1358)  1952  
  235    0.8  3.5  1.5  HG03098_chr13_24314870         12   271 (2047) + (CCTCTC)n   Simple_repeat        1    265    (0)  1953  
 5725    9.5  5.1  4.3  HG03098_chr13_24314870        272  2318    (0) + SVA_E       Retroposon/SVA      29   1378    (4)  1952  
  924   12.9  0.0  0.0  HG03098_chr15_45697481          1   132 (2821) + AluSc       SINE/Alu           178    309    (0)  1965  
 2338   13.2  7.2  2.6  HG03098_chr15_45697481        426  1244 (1709) + SVA_E       Retroposon/SVA     390    864  (518)  1966  
 1232   14.5  6.1  5.3  HG03098_chr15_45697481        928  1606 (1347) + SVA_F       Retroposon/SVA     419    857  (518)  1966 *
 1148   13.0  7.7  5.8  HG03098_chr15_45697481       1259  2077  (876) + SVA_F       Retroposon/SVA     387    872  (515)  1966 *
  909   14.6  8.6  5.7  HG03098_chr15_45697481       1733  2392  (561) + SVA_F       Retroposon/SVA     382    885  (497)  1966 *
 5862    4.8  5.3  2.7  HG03098_chr15_45697481       2016  2943   (10) + SVA_F       Retroposon/SVA     425   1375    (0)  1966  
   36    0.0  0.0  0.0  HG03098_chr19_23845120          1    33 (2034) + (TCCCTC)n   Simple_repeat        1     33    (0)  1992  
 4799   12.0  6.4  3.4  HG03098_chr19_23845120         39  1418  (649) + SVA_D       Retroposon/SVA      50    868  (518)  1993 *
 5594    7.4  4.2  3.0  HG03098_chr19_23845120       1101  2043   (24) + SVA_E       Retroposon/SVA     429   1382    (0)  1993  
   18    4.7  0.0  0.0  HG03098_chr19_23845120       2046  2067    (0) + (A)n        Simple_repeat        1     22    (0)  1994  
   29    0.0  2.5  5.1  HG03098_chr4_48289568           1    40 (2377) + (CCCTCT)n   Simple_repeat        1     39    (0)  2035  
 4742    9.6  6.0  1.9  HG03098_chr4_48289568          41   976 (1441) + SVA_F       Retroposon/SVA      57    870  (517)  2036  
 1386   14.3  7.0  4.5  HG03098_chr4_48289568         626  1292 (1125) + SVA_E       Retroposon/SVA     395    872  (515)  2036 *
  662   14.8  9.1  6.0  HG03098_chr4_48289568         942  1689  (728) + SVA_F       Retroposon/SVA     382    862  (520)  2036 *
 5624    7.5  4.4  2.0  HG03098_chr4_48289568        1488  2417    (0) + SVA_F       Retroposon/SVA     419   1370    (5)  2036  
 1306   14.1 13.2 12.7  HG03098_chr7_65580694         332   793 (2339) + SVA_E       Retroposon/SVA     390    853  (529)  2065  
   15   19.7  0.0  0.0  HG03098_chr7_65580694        1700  1728 (1404) + (C)n        Simple_repeat        1     29    (0)  2066  
 2240   15.2 13.0  2.1  HG03098_chr7_65580694        2261  3124    (8) + SVA_F       Retroposon/SVA     420   1375    (0)  2067  
  236    0.0  0.0 16.7  HG03098_chr8_68758761          28    62 (2408) + SVA_E       Retroposon/SVA       2     31 (1351)  2069  
 5100   13.1  6.4  5.2  HG03098_chr8_68758761          64  1895  (575) + SVA_D       Retroposon/SVA       2    868  (518)  2069 *
 5841    6.0  5.4  2.8  HG03098_chr8_68758761        1542  2470    (0) + SVA_E       Retroposon/SVA     429   1380    (2)  2069  
   61    1.4  2.7  2.7  HG03492_chr12_58635299          2    76 (2439) + (CTCTCC)n   Simple_repeat        1     75    (0)  2094  
 5130   11.4  5.8  5.8  HG03492_chr12_58635299         77  1242 (1273) + SVA_D       Retroposon/SVA      57    870  (517)  2095 *
 5955    9.6  6.5  4.5  HG03492_chr12_58635299        869  2514    (1) + SVA_E       Retroposon/SVA     426   1382    (0)  2095  
   39    2.5  0.0  0.0  HG03492_chr13_81793565          1    40 (2347) + (CTCCCT)n   Simple_repeat        1     40    (0)  2099  
 5107    8.8  5.4  1.6  HG03492_chr13_81793565         41   933 (1454) + SVA_F       Retroposon/SVA      58    870  (517)  2100  
 1466   12.9  5.5  4.3  HG03492_chr13_81793565        634  1419  (968) + SVA_E       Retroposon/SVA     419    864  (518)  2100 *
 1323   11.5  5.3  5.8  HG03492_chr13_81793565       1064  1753  (634) + SVA_F       Retroposon/SVA     419    857  (518)  2100 *
 5899    7.6  4.1  3.7  HG03492_chr13_81793565       1389  2383    (4) + SVA_F       Retroposon/SVA     422   1375    (0)  2100  
 5143   11.8  5.9  4.2  HG03492_chr14_81320429          1  1799  (593) + SVA_D       Retroposon/SVA      20    870  (517)  2101 *
 5846    6.3  3.5  5.1  HG03492_chr14_81320429       1415  2383    (9) + SVA_E       Retroposon/SVA     428   1381    (1)  2101  
 2363   13.2  8.0  2.7  HG03492_chr14_92153063          1   658 (1729) + SVA_F       Retroposon/SVA     272    862  (520)  2102  
 1495   14.4  5.7  5.3  HG03492_chr14_92153063        313   963 (1424) + SVA_E       Retroposon/SVA     420    862  (520)  2102 *
  915   14.2  7.8  6.0  HG03492_chr14_92153063        578  1523  (864) + SVA_F       Retroposon/SVA     418    870  (517)  2102 *
 5425    9.0  7.5  1.8  HG03492_chr14_92153063       1209  2355   (32) + SVA_F       Retroposon/SVA     419   1374    (1)  2102  
   17   15.5  0.0  0.0  HG03492_chr14_92153063       2357  2385    (2) + A-rich      Low_complexity       1     29    (0)  2103  
 4542   11.6  6.4  2.7  HG03492_chr17_76323187         12  1052 (1807) + SVA_D       Retroposon/SVA       1    868  (518)  2113  
 3040   13.1 12.2  4.9  HG03492_chr17_76323187       1347  2218  (641) + SVA_E       Retroposon/SVA     427   1359   (23)  2113  
   50    3.4  1.6  1.6  HG03492_chr17_76323187       2219  2280  (579) + (AATA)n     Simple_repeat        1     62    (0)  2114  
   19    0.0  0.0  0.0  HG03492_chr17_76323187       2358  2378  (481) + (A)n        Simple_repeat        1     21    (0)  2115  
   12   23.8  3.9  1.9  HG03492_chr17_76323187       2634  2654  (205) + A-rich      Low_complexity       1     51    (0)  2116  
   20   11.2  0.0  0.0  HG03492_chr17_76323187       2655  2683  (176) + (A)n        Simple_repeat        1     29    (0)  2117  
   19    0.0  0.0  0.0  HG03492_chr17_76323187       2835  2855    (4) + (A)n        Simple_repeat        1     21    (0)  2118  
 5166   11.2  5.7  5.7  HG03492_chr1_111639414         23  1084 (1383) + SVA_D       Retroposon/SVA       1    868  (518)  2130 *
 6100    9.4  4.8  4.6  HG03492_chr1_111639414        710  2449   (18) + SVA_E       Retroposon/SVA     426   1381    (1)  2130  
   16    0.0  0.0  0.0  HG03492_chr1_111639414       2451  2467    (0) + (A)n        Simple_repeat        1     17    (0)  2131  
 1307    9.3  3.8  0.0  HG03492_chr1_168451693          1   183 (2257) C LTR8        LTR/ERV1         (499)    192      3  2132  
   35    5.1  0.0  0.0  HG03492_chr1_168451693        436   476 (1964) + (TCCCTG)n   Simple_repeat        1     41    (0)  2133  
 5340    9.5  5.3  1.8  HG03492_chr1_168451693        477  1610  (830) + SVA_D       Retroposon/SVA      28    868  (518)  2134 *
 6424    8.1  3.9  2.9  HG03492_chr1_168451693       1220  2435    (5) + SVA_E       Retroposon/SVA     389   1382    (0)  2134  
 4095   11.3  6.8  2.7  HG03492_chr4_9703207            1  1017 (1826) + SVA_D       Retroposon/SVA     136    885  (497)  2157  
 1116   15.9  6.7  8.2  HG03492_chr4_9703207          648  2058  (785) + SVA_E       Retroposon/SVA     389    864  (518)  2157 *
 6006    8.0  5.6  2.4  HG03492_chr4_9703207         1673  2838    (5) + SVA_E       Retroposon/SVA     426   1382    (0)  2157  
  102    2.9  0.9  0.0  HG03492_chr5_80803524           2   107 (2721) + (TCTCCG)n   Simple_repeat        1    107    (0)  2167  
 5207   12.4  6.2  4.5  HG03492_chr5_80803524         108  2169  (659) + SVA_D       Retroposon/SVA      53    868  (518)  2168 *
 5799    7.8  5.3  1.4  HG03492_chr5_80803524        1836  2770   (58) + SVA_E       Retroposon/SVA     389   1359   (23)  2168  
   39    0.0  8.0  0.0  HG03492_chr5_80803524        2771  2820    (8) + (AATA)n     Simple_repeat        1     54    (0)  2169  
 2997   13.9  6.4  4.7  HG03492_chr6_33827509           1  1589 (1097) + SVA_D       Retroposon/SVA     271    872  (515)  2175 *
 5987    8.7  6.2  3.8  HG03492_chr6_33827509        1235  2686    (0) + SVA_E       Retroposon/SVA     420   1371   (11)  2175  
 5586   11.1  3.9  6.2  HG04217_chr11_66394636         79  1179 (1489) + SVA_D       Retroposon/SVA       1    868  (518)  2196 *
 6453    9.3  2.5  6.3  HG04217_chr11_66394636        782  2643   (25) + SVA_E       Retroposon/SVA     426   1381    (1)  2196  
   17    8.9  0.0  0.0  HG04217_chr11_66394636       2645  2668    (0) + (A)n        Simple_repeat        1     24    (0)  2197  
   42    0.0  4.0  2.0  HG04217_chr11_8818100          22    71 (2271) + (CCTCTCC)n  Simple_repeat        1     51    (0)  2198  
 5166   11.1  3.9  5.5  HG04217_chr11_8818100          82  1679  (663) + SVA_D       Retroposon/SVA      50    868  (518)  2199 *
 6268    7.0  2.1  3.9  HG04217_chr11_8818100        1348  2318   (24) + SVA_E       Retroposon/SVA     429   1382    (0)  2199  
   16    9.3  0.0  0.0  HG04217_chr11_8818100        2320  2342    (0) + (A)n        Simple_repeat        1     23    (0)  2200  
   40    0.0  2.5  0.0  HG04217_chr14_81320433          1    40 (2469) + (TCTCCCC)n  Simple_repeat        1     41    (0)  2218  
 5331   11.9  2.7  7.0  HG04217_chr14_81320433         46  1900  (609) + SVA_D       Retroposon/SVA      50    868  (518)  2219 *
 6130    7.5  2.5  4.7  HG04217_chr14_81320433       1522  2496   (13) + SVA_E       Retroposon/SVA     429   1382    (0)  2219  
   25    0.0  0.0  7.7  HG04217_chr2_135415131          1    52 (2467) + (TCTCCC)n   Simple_repeat        1     48    (0)  2268  
  291    2.5  0.0 10.0  HG04217_chr2_135415131         53    96 (2423) + SVA_A       Retroposon/SVA       1     40 (1347)  2269  
 4756   11.3  4.2  6.8  HG04217_chr2_135415131         97  2503   (16) + SVA_E       Retroposon/SVA       4   1380    (2)  2270  
 5480    9.1  3.6  2.7  HG04217_chr4_48289578           1  1018 (1636) + SVA_F       Retroposon/SVA      17    870  (517)  2283  
 1912   12.2  1.9  7.7  HG04217_chr4_48289578         644  1371 (1283) + SVA_E       Retroposon/SVA     421    862  (520)  2283 *
 1315   11.9  2.0 11.4  HG04217_chr4_48289578         982  1689  (965) + SVA_F       Retroposon/SVA     419    855  (520)  2283 *
 6536    7.7  0.4  7.9  HG04217_chr4_48289578        1289  2611   (43) + SVA_F       Retroposon/SVA     422   1375    (0)  2283  
   18   19.5  0.0  0.0  HG04217_chr4_48289578        2612  2652    (2) + A-rich      Low_complexity       1     41    (0)  2284  
 5140    8.6  3.9  1.3  HG04217_chr5_134619333         12    24 (2483) + SVA_D       Retroposon/SVA      23     36 (1350)  2285  
  340    0.0  4.9  1.5  HG04217_chr5_134619333         25   408 (2099) + (CCCTCT)n   Simple_repeat        1    397    (0)  2286  
 5665    9.6  3.2  5.2  HG04217_chr5_134619333        409  2506    (1) + SVA_E       Retroposon/SVA      37   1376    (6)  2285  
  282    0.0  5.7  0.9  HG04217_chr5_134619333_1        1   318 (2098) + (CTCCCT)n   Simple_repeat        1    333    (0)  2287  
 5665    9.5  3.1  5.2  HG04217_chr5_134619333_1      327  2416    (0) + SVA_E       Retroposon/SVA      50   1376    (6)  2288  
 5623   12.1  3.8  6.2  HG04217_chr5_79130728          13  1293 (1189) + SVA_D       Retroposon/SVA       1    870  (517)  2298 *
 6487    9.0  1.9  6.7  HG04217_chr5_79130728         873  2459   (23) + SVA_E       Retroposon/SVA     420   1380    (2)  2298  
   18    0.0  0.0  0.0  HG04217_chr5_79130728        2462  2481    (1) + (A)n        Simple_repeat        1     20    (0)  2299  
  237    2.6  2.6  0.0  HG04217_chr7_29791588          16    53 (2151) + SVA_E       Retroposon/SVA       1     39 (1343)  2306 *
 5387    9.5  5.0  2.1  HG04217_chr7_29791588          45  1131 (1073) + SVA_D       Retroposon/SVA       1    868  (518)  2307 *
 5877    9.8  2.9  5.2  HG04217_chr7_29791588         740  2204    (0) + SVA_E       Retroposon/SVA     420   1382    (0)  2307  
  154    1.2  0.5  5.1  HG04217_chr7_64926446           1   186 (2508) + (TCTCCC)n   Simple_repeat        1    178    (0)  2308  
 5053   11.4  3.7  4.1  HG04217_chr7_64926446         187  1203 (1491) + SVA_D       Retroposon/SVA      72    868  (518)  2309 *
 6257    9.6  2.8  6.8  HG04217_chr7_64926446         816  2666   (28) + SVA_E       Retroposon/SVA     420   1378    (4)  2309  
   23    0.0  0.0  0.0  HG04217_chr7_64926446        2670  2694    (0) + (A)n        Simple_repeat        1     25    (0)  2310  
 5272   11.8  3.5  4.3  HG04217_chr8_145027998          1  1090 (1631) + SVA_D       Retroposon/SVA      14    868  (518)  2311 *
 6386   10.0  1.4  7.6  HG04217_chr8_145027998        689  2704   (17) + SVA_E       Retroposon/SVA     386   1382    (0)  2311  
   16    0.0  0.0  0.0  HG04217_chr8_145027998       2705  2721    (0) + (A)n        Simple_repeat        1     17    (0)  2312  
   46    0.0  0.0  6.2  HG04217_chr9_109650342          1    68 (2628) + (CTCCCT)n   Simple_repeat        1     64    (0)  2317  
  288    0.0  0.0  4.6  HG04217_chr9_109650342         69   119 (2577) + SVA_E       Retroposon/SVA       1     44 (1338)  2318 *
 5426   11.1  3.9  4.1  HG04217_chr9_109650342        107  1194 (1502) + SVA_D       Retroposon/SVA       1    868  (518)  2319 *
 6378    9.3  2.2  7.1  HG04217_chr9_109650342        801  2664   (32) + SVA_E       Retroposon/SVA     426   1380    (2)  2319  
   24    6.8  0.0  0.0  HG04217_chr9_109650342       2666  2696    (0) + (A)n        Simple_repeat        1     31    (0)  2320  
 2458    0.7  0.7  2.2  HX1_chr12_4633745               1   281 (2630) + AluYa5      SINE/Alu            27    303    (8)  2334  
  261    0.5  8.1  0.2  HX1_chr12_4633745             291   661 (2250) + (CCTCTCC)n  Simple_repeat        1    400    (0)  2335  
 5060   11.6  5.0  4.6  HX1_chr12_4633745             662  2301  (610) + SVA_D       Retroposon/SVA       1    872  (515)  2336  
 4262    9.7  5.1  8.1  HX1_chr12_4633745            1888  2871   (40) + SVA_E       Retroposon/SVA     426   1382    (0)  2336 *
  208    0.0  8.0  0.0  HX1_chr12_4633745_1             1   287 (2212) + (CCCTCTC)n  Simple_repeat        1    310    (0)  2337  
 5060   11.6  5.0  4.6  HX1_chr12_4633745_1           288  1927  (572) + SVA_D       Retroposon/SVA       1    872  (515)  2338  
 4262    9.7  5.1  8.1  HX1_chr12_4633745_1          1514  2497    (2) + SVA_E       Retroposon/SVA     426   1382    (0)  2338 *
 5493   12.2  3.9  7.2  HX1_chr5_80803536              21  2251  (684) + SVA_D       Retroposon/SVA       1    868  (518)  2407 *
 6340    6.9  1.4  3.0  HX1_chr5_80803536            1928  2876   (59) + SVA_E       Retroposon/SVA     426   1359   (23)  2407  
   44    5.8  0.0  0.0  HX1_chr5_80803536            2877  2930    (5) + (AATA)n     Simple_repeat        1     54    (0)  2408  
  240    0.4  3.8  1.5  HX1_chr6_100746155              1   263 (2521) + (CCCTCT)n   Simple_repeat        1    269    (0)  2409  
 4620   10.8  7.9  1.6  HX1_chr6_100746155            264  1137 (1647) + SVA_D       Retroposon/SVA      57    868  (518)  2410 *
 6570    9.6  2.1  6.2  HX1_chr6_100746155            763  2752   (32) + SVA_E       Retroposon/SVA     426   1382    (0)  2410  
   20   11.3  0.0  0.0  HX1_chr6_100746155           2755  2783    (1) + (A)n        Simple_repeat        1     29    (0)  2411  
   32    0.0  0.0  0.0  NA12878_chr14_20707969          1    30 (2071) + (TCTCCC)n   Simple_repeat        1     30    (0)  2436  
 3213   12.8  8.4  3.5  NA12878_chr14_20707969         31   958 (1143) + SVA_F       Retroposon/SVA      56    872  (515)  2437  
  942   15.5  3.6  7.4  NA12878_chr14_20707969        649  1310  (791) + SVA_E       Retroposon/SVA     423    862  (520)  2437 *
 2010   13.8  4.6  6.1  NA12878_chr14_20707969       1370  2081   (20) + SVA_F       Retroposon/SVA     420   1121  (254)  2438  
   18    0.0  0.0  0.0  NA12878_chr14_20707969       2082  2101    (0) + (A)n        Simple_repeat        1     20    (0)  2439  
   23   11.7  0.0  6.1  NA12878_chr16_3370920           1    52 (2399) + (CTCTCC)n   Simple_repeat        1     49    (0)  2443  
  284    9.3  2.3  2.3  NA12878_chr16_3370920          55    98 (2353) + SVA_E       Retroposon/SVA       1     44 (1338)  2444  
  252    3.0  0.0  3.0  NA12878_chr16_3370920          69   102 (2349) + SVA_F       Retroposon/SVA       4     36 (1339)  2444 *
 3756   15.6  6.1 10.6  NA12878_chr16_3370920         102  1134 (1317) + SVA_E       Retroposon/SVA       1    861  (521)  2444  
 6152    7.7  2.9  4.3  NA12878_chr16_3370920        1322  2413   (38) + SVA_E       Retroposon/SVA     425   1382    (0)  2444  
   32    0.0  0.0  0.0  NA12878_chr16_3370920        2417  2451    (0) + (A)n        Simple_repeat        1     35    (0)  2445  
 4189   12.5  6.1  6.1  NA12878_chr18_49810941          1  1220 (1308) + SVA_F       Retroposon/SVA       7    855  (520)  2452  
  234   18.5  6.9  8.3  NA12878_chr18_49810941       1018  1395 (1133) + SVA_E       Retroposon/SVA     488    860  (522)  2452 *
   15   13.9  0.0  0.0  NA12878_chr18_49810941       1451  1474 (1054) + (C)n        Simple_repeat        1     24    (0)  2453  
 3606   13.7  4.8  6.6  NA12878_chr18_49810941       1548  2517   (11) + SVA_F       Retroposon/SVA     422   1375    (0)  2454  
 5149   10.7  4.0  3.2  NA12878_chr2_193680311         15  1124 (1149) + SVA_D       Retroposon/SVA       1    872  (515)  2483 *
 6895    8.0  1.6  4.9  NA12878_chr2_193680311        721  2245   (28) + SVA_E       Retroposon/SVA     426   1382    (0)  2483  
 5291   11.3  4.1  4.3  NA19240_chr12_123246736        19  1110 (1490) + SVA_D       Retroposon/SVA       2    868  (518)  2517 *
 6412    9.7  3.2  6.5  NA19240_chr12_123246736       713  2570   (30) + SVA_E       Retroposon/SVA     420   1382    (0)  2517  
   21   10.9  0.0  0.0  NA19240_chr12_123246736      2571  2600    (0) + (A)n        Simple_repeat        1     30    (0)  2518  
   59    5.3  4.8  2.8  NA19240_chr13_29698096          1   104 (2743) + (CTCCCT)n   Simple_repeat        1    106    (0)  2532  
  282    0.0  0.0  7.0  NA19240_chr13_29698096        105   150 (2697) + SVA_D       Retroposon/SVA       1     43 (1343)  2533 *
 6162   10.4  3.8  4.8  NA19240_chr13_29698096        144  2837   (10) + SVA_E       Retroposon/SVA       1   1382    (0)  2534  
 3372   13.7  4.9  8.6  NA19240_chr16_74811119          1  1841  (844) + SVA_D       Retroposon/SVA     274    872  (515)  2551 *
 6400    7.8  2.8  4.2  NA19240_chr16_74811119       1465  2681    (4) + SVA_E       Retroposon/SVA     426   1382    (0)  2551  
 4909   10.1  4.7  5.2  NA19240_chr16_87559159          1  1634 (1007) + SVA_D       Retroposon/SVA     109    868  (518)  2558 *
 6282    8.4  2.4  4.2  NA19240_chr16_87559159       1264  2590   (51) + SVA_E       Retroposon/SVA     426   1359   (23)  2558  
   34    0.0  5.9  3.8  NA19240_chr16_87559159       2591  2641    (0) + (AATA)n     Simple_repeat        1     52    (0)  2559  
   78    6.2  6.3  2.0  NA19240_chr20_4102191           1   142 (2479) + (CCCTCT)n   Simple_repeat        1    148    (0)  2595  
  262    2.6  0.0 22.0  NA19240_chr20_4102191         143   192 (2429) + SVA_A       Retroposon/SVA       4     44 (1343)  2596 *
 6246   10.7  5.1  5.1  NA19240_chr20_4102191         189  2616    (5) + SVA_D       Retroposon/SVA       1   1385    (1)  2596  
 5361   10.0  4.5  3.2  NA19240_chr5_134619330         31  1305  (875) + SVA_D       Retroposon/SVA       1    870  (517)  2621 *
 5700    8.7  1.7  7.1  NA19240_chr5_134619330        889  2180    (0) + SVA_E       Retroposon/SVA     426   1375    (7)  2621  
   18    6.3  0.0 10.8  NA19240_chr5_138572249         49    89 (2524) + (GCC)n      Simple_repeat        1     37    (0)  2622  
 2472   12.8  6.5  3.0  NA19240_chr5_138572249        209   837 (1776) + SVA_F       Retroposon/SVA     272    866  (520)  2623  
 1500   14.7 12.1  7.8  NA19240_chr5_138572249        482  1230 (1383) + SVA_E       Retroposon/SVA     419    864  (518)  2623 *
 1173   13.4  3.1  8.7  NA19240_chr5_138572249        898  1620  (993) + SVA_F       Retroposon/SVA     419    857  (518)  2623 *
 6047    8.0  3.0  5.0  NA19240_chr5_138572249       1288  2603   (10) + SVA_F       Retroposon/SVA     389   1375    (0)  2623  
   57    3.0  3.0  0.0  NA19434_chr11_5105724           1    67 (2370) + (CTCTCC)n   Simple_repeat        1     69    (0)  2682  
 5371   11.1  3.8  6.0  NA19434_chr11_5105724          68  1113 (1324) + SVA_D       Retroposon/SVA      57    872  (515)  2683 *
 6565    8.9  1.9  6.7  NA19434_chr11_5105724         712  2420   (17) + SVA_E       Retroposon/SVA     428   1381    (1)  2683  
  237    0.0  3.7  0.8  NA19434_chr12_4633745           1   244 (2210) + (CTCTCCC)n  Simple_repeat        1    251    (0)  2688  
 5258   11.4  3.4  4.8  NA19434_chr12_4633745         246  1857  (597) + SVA_D       Retroposon/SVA      59    868  (518)  2689 *
 6135    8.1  2.2  4.0  NA19434_chr12_4633745        1482  2452    (2) + SVA_E       Retroposon/SVA     429   1382    (0)  2689  
   29    7.3  8.6  0.0  NA19434_chr13_24314875          1    58 (2167) + (CTCTCC)n   Simple_repeat        1     63    (0)  2694  
 5356   11.0  4.2  2.7  NA19434_chr13_24314875         59  1331  (894) + SVA_D       Retroposon/SVA       1    870  (517)  2695 *
 6152    8.9  2.1  5.0  NA19434_chr13_24314875        915  2221    (4) + SVA_E       Retroposon/SVA     426   1381    (1)  2695  
   62    0.0  4.6  0.0  NA19434_chr17_5157936          14    79 (2693) + (CCTCTCC)n  Simple_repeat        1     69    (0)  2724  
  466    6.7  6.7  0.0  NA19434_chr17_5157936          82   156 (2616) + SVA_C       Retroposon/SVA      32    111 (1273)  2725  
 6418    9.6  2.9  4.6  NA19434_chr17_5157936         157  2745   (27) + SVA_D       Retroposon/SVA       1   1386    (0)  2725  
   25    0.0  0.0  0.0  NA19434_chr17_5157936        2746  2772    (0) + (A)n        Simple_repeat        1     27    (0)  2726  
   23   20.0  1.8  0.0  NA19434_chr17_65435353          2    58 (2632) + (TCTCCTC)n  Simple_repeat        1     58    (0)  2727  
 4298   11.6  4.0  6.4  NA19434_chr17_65435353         67  1187 (1503) + SVA_D       Retroposon/SVA       1    868  (518)  2728 *
 6385    9.6  1.7  6.8  NA19434_chr17_65435353        794  2661   (29) + SVA_E       Retroposon/SVA     420   1382    (0)  2728  
   23    3.7  0.0  0.0  NA19434_chr17_65435353       2663  2690    (0) + (A)n        Simple_repeat        1     28    (0)  2729  
   50    5.4  0.0  0.0  NA19434_chr20_2456739           4    62 (1944) + (CTGCCC)n   Simple_repeat        1     59    (0)  2760  
 5228   12.4  2.4  8.3  NA19434_chr20_2456739          65  1699  (307) + SVA_D       Retroposon/SVA      61    866  (520)  2761  
 3264    9.9  2.9  6.1  NA19434_chr20_2456739        1278  2006    (0) + SVA_E       Retroposon/SVA     429   1043  (339)  2761 *
   69    0.0  0.0  0.0  NA19434_chr2_193680315          1    61 (2450) + (CTCCCT)n   Simple_repeat        1     61    (0)  2774  
 5114   11.3  4.3  4.4  NA19434_chr2_193680315         67  1129 (1382) + SVA_D       Retroposon/SVA      32    872  (515)  2775 *
 6768    8.8  1.8  5.7  NA19434_chr2_193680315        727  2483   (28) + SVA_E       Retroposon/SVA     426   1382    (0)  2775  
  239    0.0  0.0  7.1  NA19434_chr3_186982854          1    45 (2448) + SVA_E       Retroposon/SVA       3     44 (1338)  2791 *
 5539   12.3  3.0  7.6  NA19434_chr3_186982854         38  1889  (604) + SVA_D       Retroposon/SVA       1    868  (518)  2792 *
 6450    6.8  1.3  4.2  NA19434_chr3_186982854       1506  2486    (7) + SVA_E       Retroposon/SVA     429   1382    (0)  2792  
  994   11.8  0.0  4.1  NA19434_chr5_142000089          1   153 (3061) + AluSc       SINE/Alu           163    309    (0)  2800  
   17   12.0  0.0  7.7  NA19434_chr5_142000089        365   406 (2808) + (GCC)n      Simple_repeat        1     39    (0)  2801  
 2473   11.7  6.7  3.9  NA19434_chr5_142000089        529  1253 (1961) + SVA_F       Retroposon/SVA     272    865  (517)  2802  
 1710   12.9  3.6  7.7  NA19434_chr5_142000089        880  1596 (1618) + SVA_E       Retroposon/SVA     419    862  (520)  2802 *
 1746   11.2  1.9  7.9  NA19434_chr5_142000089       1260  2029 (1185) + SVA_F       Retroposon/SVA     419    857  (518)  2802 *
 6701    6.3  1.5  4.7  NA19434_chr5_142000089       1613  2809  (405) + SVA_F       Retroposon/SVA     421   1375    (0)  2802  
 2270    9.7  0.7  0.3  NA19434_chr5_142000089       2834  3131   (83) + AluSp       SINE/Alu             1    299   (14)  2803  
 5331   11.9  3.2  4.2  NA19434_chr8_145027991          1  1091 (1732) + SVA_D       Retroposon/SVA      14    868  (518)  2829 *
 6414   10.3  1.3  8.3  NA19434_chr8_145027991        690  2806   (17) + SVA_E       Retroposon/SVA     426   1382    (0)  2829  
   16    0.0  0.0  0.0  NA19434_chr8_145027991       2807  2823    (0) + (A)n        Simple_repeat        1     17    (0)  2830  
  174    1.1  0.5  4.2  NA19434_chrX_112073435          1   198 (2530) + (CTCTCC)n   Simple_repeat        1    191    (0)  2839  
 5137   11.4  3.2  4.1  NA19434_chrX_112073435        199  1221 (1507) + SVA_D       Retroposon/SVA      72    868  (518)  2840 *
 6426    9.1  1.9  7.2  NA19434_chrX_112073435        828  2700   (28) + SVA_E       Retroposon/SVA     420   1382    (0)  2840  
   23    3.7  0.0  0.0  NA19434_chrX_112073435       2701  2728    (0) + (A)n        Simple_repeat        1     28    (0)  2841  
